I200609 16:53:08.431904 37 util/log/clog.go:1203  [config] file created at: 2020/06/09 16:53:08
I200609 16:53:08.431904 37 util/log/clog.go:1203  [config] running on machine: filipovna
I200609 16:53:08.431904 37 util/log/clog.go:1203  [config] binary: CockroachDB CCL v19.2.6 (x86_64-unknown-linux-gnu, built 2020/04/06 18:05:31, go1.12.12)
I200609 16:53:08.431904 37 util/log/clog.go:1203  [config] arguments: [cockroach start --insecure]
I200609 16:53:08.431904 37 util/log/clog.go:1203  line format: [IWEF]yymmdd hh:mm:ss.uuuuuu goid file:line msg utf8=✓
I200609 16:53:08.431902 37 storage/engine/rocksdb.go:120  RocksDB version: 6.2.1
I200609 16:53:08.432471 37 storage/engine/rocksdb.go:120  Git sha rocksdb_build_git_sha:@b7009236531fa784872f4823eabf393501e41bf2@
I200609 16:53:08.432490 37 storage/engine/rocksdb.go:120  Compile date Apr  6 2020
I200609 16:53:08.432507 37 storage/engine/rocksdb.go:120  DB SUMMARY
I200609 16:53:08.432626 37 storage/engine/rocksdb.go:120  SST files in /home/vale/Projects/sofos/go_chi/sofos/main/cockroach-data/cockroach-temp688036860 dir, Total Num: 0, files: 
I200609 16:53:08.433041 37 storage/engine/rocksdb.go:120  Write Ahead Log file in /home/vale/Projects/sofos/go_chi/sofos/main/cockroach-data/cockroach-temp688036860: 
I200609 16:53:08.433066 37 storage/engine/rocksdb.go:120                          Options.error_if_exists: 0
I200609 16:53:08.433081 37 storage/engine/rocksdb.go:120                        Options.create_if_missing: 1
I200609 16:53:08.433096 37 storage/engine/rocksdb.go:120                          Options.paranoid_checks: 1
I200609 16:53:08.433112 37 storage/engine/rocksdb.go:120                                      Options.env: 0x7582480
I200609 16:53:08.433126 37 storage/engine/rocksdb.go:120                                 Options.info_log: 0x7f92b520d2a0
I200609 16:53:08.433141 37 storage/engine/rocksdb.go:120                 Options.max_file_opening_threads: 16
I200609 16:53:08.433155 37 storage/engine/rocksdb.go:120                               Options.statistics: 0x7f92b521f010
I200609 16:53:08.433169 37 storage/engine/rocksdb.go:120                                Options.use_fsync: 0
I200609 16:53:08.433184 37 storage/engine/rocksdb.go:120                        Options.max_log_file_size: 0
I200609 16:53:08.433199 37 storage/engine/rocksdb.go:120                   Options.max_manifest_file_size: 134217728
I200609 16:53:08.433213 37 storage/engine/rocksdb.go:120                    Options.log_file_time_to_roll: 0
I200609 16:53:08.433227 37 storage/engine/rocksdb.go:120                        Options.keep_log_file_num: 1000
I200609 16:53:08.433241 37 storage/engine/rocksdb.go:120                     Options.recycle_log_file_num: 1
I200609 16:53:08.433255 37 storage/engine/rocksdb.go:120                          Options.allow_fallocate: 1
I200609 16:53:08.433269 37 storage/engine/rocksdb.go:120                         Options.allow_mmap_reads: 0
I200609 16:53:08.433283 37 storage/engine/rocksdb.go:120                        Options.allow_mmap_writes: 0
I200609 16:53:08.433299 37 storage/engine/rocksdb.go:120                         Options.use_direct_reads: 0
I200609 16:53:08.433314 37 storage/engine/rocksdb.go:120                         Options.use_direct_io_for_flush_and_compaction: 0
I200609 16:53:08.433328 37 storage/engine/rocksdb.go:120           Options.create_missing_column_families: 0
I200609 16:53:08.433343 37 storage/engine/rocksdb.go:120                               Options.db_log_dir: 
I200609 16:53:08.433357 37 storage/engine/rocksdb.go:120                                  Options.wal_dir: /home/vale/Projects/sofos/go_chi/sofos/main/cockroach-data/cockroach-temp688036860
I200609 16:53:08.433376 37 storage/engine/rocksdb.go:120                 Options.table_cache_numshardbits: 6
I200609 16:53:08.433390 37 storage/engine/rocksdb.go:120                       Options.max_subcompactions: 1
I200609 16:53:08.433405 37 storage/engine/rocksdb.go:120                   Options.max_background_flushes: -1
I200609 16:53:08.433419 37 storage/engine/rocksdb.go:120                          Options.WAL_ttl_seconds: 0
I200609 16:53:08.433433 37 storage/engine/rocksdb.go:120                        Options.WAL_size_limit_MB: 0
I200609 16:53:08.433448 37 storage/engine/rocksdb.go:120              Options.manifest_preallocation_size: 4194304
I200609 16:53:08.433462 37 storage/engine/rocksdb.go:120                      Options.is_fd_close_on_exec: 1
I200609 16:53:08.433478 37 storage/engine/rocksdb.go:120                    Options.advise_random_on_open: 1
I200609 16:53:08.433492 37 storage/engine/rocksdb.go:120                     Options.db_write_buffer_size: 0
I200609 16:53:08.433524 37 storage/engine/rocksdb.go:120                     Options.write_buffer_manager: 0x7f92b5226060
I200609 16:53:08.433538 37 storage/engine/rocksdb.go:120          Options.access_hint_on_compaction_start: 1
I200609 16:53:08.433552 37 storage/engine/rocksdb.go:120   Options.new_table_reader_for_compaction_inputs: 0
I200609 16:53:08.433566 37 storage/engine/rocksdb.go:120            Options.random_access_max_buffer_size: 1048576
I200609 16:53:08.433581 37 storage/engine/rocksdb.go:120                       Options.use_adaptive_mutex: 0
I200609 16:53:08.433596 37 storage/engine/rocksdb.go:120                             Options.rate_limiter: (nil)
I200609 16:53:08.433611 37 storage/engine/rocksdb.go:120      Options.sst_file_manager.rate_bytes_per_sec: 0
I200609 16:53:08.433626 37 storage/engine/rocksdb.go:120                        Options.wal_recovery_mode: 0
I200609 16:53:08.433640 37 storage/engine/rocksdb.go:120                   Options.enable_thread_tracking: 0
I200609 16:53:08.433654 37 storage/engine/rocksdb.go:120                   Options.enable_pipelined_write: 0
I200609 16:53:08.433668 37 storage/engine/rocksdb.go:120          Options.allow_concurrent_memtable_write: 1
I200609 16:53:08.433682 37 storage/engine/rocksdb.go:120       Options.enable_write_thread_adaptive_yield: 1
I200609 16:53:08.433696 37 storage/engine/rocksdb.go:120              Options.write_thread_max_yield_usec: 100
I200609 16:53:08.433712 37 storage/engine/rocksdb.go:120             Options.write_thread_slow_yield_usec: 3
I200609 16:53:08.433725 37 storage/engine/rocksdb.go:120                                Options.row_cache: None
I200609 16:53:08.433740 37 storage/engine/rocksdb.go:120                               Options.wal_filter: None
I200609 16:53:08.433754 37 storage/engine/rocksdb.go:120              Options.avoid_flush_during_recovery: 0
I200609 16:53:08.433769 37 storage/engine/rocksdb.go:120              Options.allow_ingest_behind: 0
I200609 16:53:08.433784 37 storage/engine/rocksdb.go:120              Options.preserve_deletes: 0
I200609 16:53:08.433799 37 storage/engine/rocksdb.go:120              Options.two_write_queues: 0
I200609 16:53:08.433812 37 storage/engine/rocksdb.go:120              Options.manual_wal_flush: 1
I200609 16:53:08.433826 37 storage/engine/rocksdb.go:120              Options.atomic_flush: 0
I200609 16:53:08.433840 37 storage/engine/rocksdb.go:120              Options.avoid_unnecessary_blocking_io: 0
I200609 16:53:08.433854 37 storage/engine/rocksdb.go:120              Options.max_background_jobs: 4
I200609 16:53:08.433868 37 storage/engine/rocksdb.go:120              Options.max_background_compactions: -1
I200609 16:53:08.433883 37 storage/engine/rocksdb.go:120              Options.avoid_flush_during_shutdown: 0
I200609 16:53:08.433898 37 storage/engine/rocksdb.go:120            Options.writable_file_max_buffer_size: 1048576
I200609 16:53:08.433912 37 storage/engine/rocksdb.go:120              Options.delayed_write_rate : 16777216
I200609 16:53:08.433926 37 storage/engine/rocksdb.go:120              Options.max_total_wal_size: 0
I200609 16:53:08.433940 37 storage/engine/rocksdb.go:120              Options.delete_obsolete_files_period_micros: 21600000000
I200609 16:53:08.433955 37 storage/engine/rocksdb.go:120                    Options.stats_dump_period_sec: 0
I200609 16:53:08.433969 37 storage/engine/rocksdb.go:120                  Options.stats_persist_period_sec: 600
I200609 16:53:08.433984 37 storage/engine/rocksdb.go:120                  Options.stats_history_buffer_size: 1048576
I200609 16:53:08.433999 37 storage/engine/rocksdb.go:120                           Options.max_open_files: 128
I200609 16:53:08.434014 37 storage/engine/rocksdb.go:120                           Options.bytes_per_sync: 524288
I200609 16:53:08.434028 37 storage/engine/rocksdb.go:120                       Options.wal_bytes_per_sync: 0
I200609 16:53:08.434041 37 storage/engine/rocksdb.go:120                    Options.strict_bytes_per_sync: 1
I200609 16:53:08.434055 37 storage/engine/rocksdb.go:120        Options.compaction_readahead_size: 0
I200609 16:53:08.434077 37 storage/engine/rocksdb.go:120  Compression algorithms supported:
I200609 16:53:08.434093 37 storage/engine/rocksdb.go:120  	kZSTDNotFinalCompression supported: 0
I200609 16:53:08.434108 37 storage/engine/rocksdb.go:120  	kZSTD supported: 0
I200609 16:53:08.434122 37 storage/engine/rocksdb.go:120  	kXpressCompression supported: 0
I200609 16:53:08.434137 37 storage/engine/rocksdb.go:120  	kLZ4HCCompression supported: 0
I200609 16:53:08.434151 37 storage/engine/rocksdb.go:120  	kLZ4Compression supported: 0
I200609 16:53:08.434166 37 storage/engine/rocksdb.go:120  	kBZip2Compression supported: 0
I200609 16:53:08.434180 37 storage/engine/rocksdb.go:120  	kZlibCompression supported: 0
I200609 16:53:08.434194 37 storage/engine/rocksdb.go:120  	kSnappyCompression supported: 1
I200609 16:53:08.434216 37 storage/engine/rocksdb.go:120  Fast CRC32 supported: Supported on x86
I200609 16:53:08.434461 37 storage/engine/rocksdb.go:120  [db/db_impl_open.cc:242] Creating manifest 1 
I200609 16:53:08.451938 37 storage/engine/rocksdb.go:120  [db/version_set.cc:4072] Recovering from manifest file: /home/vale/Projects/sofos/go_chi/sofos/main/cockroach-data/cockroach-temp688036860/MANIFEST-000001
I200609 16:53:08.453518 37 storage/engine/rocksdb.go:120  [db/column_family.cc:488] --------------- Options for column family [default]:
I200609 16:53:08.453543 37 storage/engine/rocksdb.go:120                Options.comparator: cockroach_comparator
I200609 16:53:08.453559 37 storage/engine/rocksdb.go:120            Options.merge_operator: cockroach_merge_operator
I200609 16:53:08.453574 37 storage/engine/rocksdb.go:120         Options.compaction_filter: None
I200609 16:53:08.453609 37 storage/engine/rocksdb.go:120         Options.compaction_filter_factory: None
I200609 16:53:08.453626 37 storage/engine/rocksdb.go:120          Options.memtable_factory: SkipListFactory
I200609 16:53:08.453641 37 storage/engine/rocksdb.go:120             Options.table_factory: BlockBasedTable
I200609 16:53:08.453752 37 storage/engine/rocksdb.go:120             table_factory options:   flush_block_policy_factory: FlushBlockBySizePolicyFactory (0x7f92b525a030)
  cache_index_and_filter_blocks: 0
  cache_index_and_filter_blocks_with_high_priority: 0
  pin_l0_filter_and_index_blocks_in_cache: 0
  pin_top_level_index_and_filter: 1
  index_type: 0
  data_block_index_type: 0
  index_shortening: 1
  data_block_hash_table_util_ratio: 0.750000
  hash_index_allow_collision: 1
  checksum: 1
  no_block_cache: 0
  block_cache: 0x7f92b5236010
  block_cache_name: LRUCache
  block_cache_options:
    capacity : 1048576
    num_shard_bits : 4
    strict_capacity_limit : 0
    memory_allocator : None
    high_pri_pool_ratio: 0.000
  block_cache_compressed: (nil)
  persistent_cache: (nil)
  block_size: 32768
  block_size_deviation: 10
  block_restart_interval: 16
  index_block_restart_interval: 1
  metadata_block_size: 4096
  partition_filters: 0
  use_delta_encoding: 1
  filter_policy: rocksdb.BuiltinBloomFilter
  whole_key_filtering: 0
  verify_compression: 0
  read_amp_bytes_per_bit: 0
  format_version: 2
  enable_index_compression: 1
  block_align: 0
I200609 16:53:08.453774 37 storage/engine/rocksdb.go:120         Options.write_buffer_size: 67108864
I200609 16:53:08.453794 37 storage/engine/rocksdb.go:120   Options.max_write_buffer_number: 4
I200609 16:53:08.453831 37 storage/engine/rocksdb.go:120           Options.compression: Snappy
I200609 16:53:08.453846 37 storage/engine/rocksdb.go:120                   Options.bottommost_compression: Disabled
I200609 16:53:08.453861 37 storage/engine/rocksdb.go:120        Options.prefix_extractor: cockroach_prefix_extractor
I200609 16:53:08.453877 37 storage/engine/rocksdb.go:120    Options.memtable_insert_with_hint_prefix_extractor: nullptr
I200609 16:53:08.453891 37 storage/engine/rocksdb.go:120              Options.num_levels: 7
I200609 16:53:08.453904 37 storage/engine/rocksdb.go:120         Options.min_write_buffer_number_to_merge: 1
I200609 16:53:08.453919 37 storage/engine/rocksdb.go:120      Options.max_write_buffer_number_to_maintain: 0
I200609 16:53:08.453940 37 storage/engine/rocksdb.go:120             Options.bottommost_compression_opts.window_bits: -14
I200609 16:53:08.453955 37 storage/engine/rocksdb.go:120                   Options.bottommost_compression_opts.level: 32767
I200609 16:53:08.453969 37 storage/engine/rocksdb.go:120                Options.bottommost_compression_opts.strategy: 0
I200609 16:53:08.453984 37 storage/engine/rocksdb.go:120          Options.bottommost_compression_opts.max_dict_bytes: 0
I200609 16:53:08.453998 37 storage/engine/rocksdb.go:120          Options.bottommost_compression_opts.zstd_max_train_bytes: 0
I200609 16:53:08.454012 37 storage/engine/rocksdb.go:120                   Options.bottommost_compression_opts.enabled: false
I200609 16:53:08.454027 37 storage/engine/rocksdb.go:120             Options.compression_opts.window_bits: -14
I200609 16:53:08.454041 37 storage/engine/rocksdb.go:120                   Options.compression_opts.level: 32767
I200609 16:53:08.454055 37 storage/engine/rocksdb.go:120                Options.compression_opts.strategy: 0
I200609 16:53:08.454069 37 storage/engine/rocksdb.go:120          Options.compression_opts.max_dict_bytes: 0
I200609 16:53:08.454094 37 storage/engine/rocksdb.go:120          Options.compression_opts.zstd_max_train_bytes: 0
I200609 16:53:08.454110 37 storage/engine/rocksdb.go:120                   Options.compression_opts.enabled: false
I200609 16:53:08.454124 37 storage/engine/rocksdb.go:120       Options.level0_file_num_compaction_trigger: 2
I200609 16:53:08.454138 37 storage/engine/rocksdb.go:120           Options.level0_slowdown_writes_trigger: 950
I200609 16:53:08.454152 37 storage/engine/rocksdb.go:120               Options.level0_stop_writes_trigger: 1000
I200609 16:53:08.454166 37 storage/engine/rocksdb.go:120                    Options.target_file_size_base: 4194304
I200609 16:53:08.454180 37 storage/engine/rocksdb.go:120              Options.target_file_size_multiplier: 2
I200609 16:53:08.454194 37 storage/engine/rocksdb.go:120                 Options.max_bytes_for_level_base: 67108864
I200609 16:53:08.454208 37 storage/engine/rocksdb.go:120  Options.level_compaction_dynamic_level_bytes: 1
I200609 16:53:08.454226 37 storage/engine/rocksdb.go:120           Options.max_bytes_for_level_multiplier: 10.000000
I200609 16:53:08.454241 37 storage/engine/rocksdb.go:120  Options.max_bytes_for_level_multiplier_addtl[0]: 1
I200609 16:53:08.454255 37 storage/engine/rocksdb.go:120  Options.max_bytes_for_level_multiplier_addtl[1]: 1
I200609 16:53:08.454269 37 storage/engine/rocksdb.go:120  Options.max_bytes_for_level_multiplier_addtl[2]: 1
I200609 16:53:08.454283 37 storage/engine/rocksdb.go:120  Options.max_bytes_for_level_multiplier_addtl[3]: 1
I200609 16:53:08.454296 37 storage/engine/rocksdb.go:120  Options.max_bytes_for_level_multiplier_addtl[4]: 1
I200609 16:53:08.454310 37 storage/engine/rocksdb.go:120  Options.max_bytes_for_level_multiplier_addtl[5]: 1
I200609 16:53:08.454324 37 storage/engine/rocksdb.go:120  Options.max_bytes_for_level_multiplier_addtl[6]: 1
I200609 16:53:08.454338 37 storage/engine/rocksdb.go:120        Options.max_sequential_skip_in_iterations: 8
I200609 16:53:08.454352 37 storage/engine/rocksdb.go:120                     Options.max_compaction_bytes: 104857600
I200609 16:53:08.454367 37 storage/engine/rocksdb.go:120                         Options.arena_block_size: 8388608
I200609 16:53:08.454381 37 storage/engine/rocksdb.go:120    Options.soft_pending_compaction_bytes_limit: 2199023255552
I200609 16:53:08.454395 37 storage/engine/rocksdb.go:120    Options.hard_pending_compaction_bytes_limit: 4400193994752
I200609 16:53:08.454410 37 storage/engine/rocksdb.go:120        Options.rate_limit_delay_max_milliseconds: 100
I200609 16:53:08.454424 37 storage/engine/rocksdb.go:120                 Options.disable_auto_compactions: 0
I200609 16:53:08.454442 37 storage/engine/rocksdb.go:120                         Options.compaction_style: kCompactionStyleLevel
I200609 16:53:08.454465 37 storage/engine/rocksdb.go:120                           Options.compaction_pri: kMinOverlappingRatio
I200609 16:53:08.454479 37 storage/engine/rocksdb.go:120  Options.compaction_options_universal.size_ratio: 1
I200609 16:53:08.454493 37 storage/engine/rocksdb.go:120  Options.compaction_options_universal.min_merge_width: 2
I200609 16:53:08.454508 37 storage/engine/rocksdb.go:120  Options.compaction_options_universal.max_merge_width: 4294967295
I200609 16:53:08.454522 37 storage/engine/rocksdb.go:120  Options.compaction_options_universal.max_size_amplification_percent: 200
I200609 16:53:08.454536 37 storage/engine/rocksdb.go:120  Options.compaction_options_universal.compression_size_percent: -1
I200609 16:53:08.454552 37 storage/engine/rocksdb.go:120  Options.compaction_options_universal.stop_style: kCompactionStopStyleTotalSize
I200609 16:53:08.454566 37 storage/engine/rocksdb.go:120  Options.compaction_options_fifo.max_table_files_size: 1073741824
I200609 16:53:08.454580 37 storage/engine/rocksdb.go:120  Options.compaction_options_fifo.allow_compaction: 0
I200609 16:53:08.454602 37 storage/engine/rocksdb.go:120                    Options.table_properties_collectors: TimeBoundTblPropCollectorFactory; DeleteRangeTblPropCollectorFactory; 
I200609 16:53:08.454624 37 storage/engine/rocksdb.go:120                    Options.inplace_update_support: 0
I200609 16:53:08.454638 37 storage/engine/rocksdb.go:120                  Options.inplace_update_num_locks: 10000
I200609 16:53:08.454653 37 storage/engine/rocksdb.go:120                Options.memtable_prefix_bloom_size_ratio: 0.000000
I200609 16:53:08.454668 37 storage/engine/rocksdb.go:120                Options.memtable_whole_key_filtering: 0
I200609 16:53:08.454682 37 storage/engine/rocksdb.go:120    Options.memtable_huge_page_size: 0
I200609 16:53:08.454696 37 storage/engine/rocksdb.go:120                            Options.bloom_locality: 0
I200609 16:53:08.454710 37 storage/engine/rocksdb.go:120                     Options.max_successive_merges: 0
I200609 16:53:08.454724 37 storage/engine/rocksdb.go:120                 Options.optimize_filters_for_hits: 1
I200609 16:53:08.454738 37 storage/engine/rocksdb.go:120                 Options.paranoid_file_checks: 0
I200609 16:53:08.454752 37 storage/engine/rocksdb.go:120                 Options.force_consistency_checks: 0
I200609 16:53:08.454766 37 storage/engine/rocksdb.go:120                 Options.report_bg_io_stats: 0
I200609 16:53:08.454784 37 storage/engine/rocksdb.go:120                                Options.ttl: 0
I200609 16:53:08.454799 37 storage/engine/rocksdb.go:120           Options.periodic_compaction_seconds: 0
I200609 16:53:08.456566 37 storage/engine/rocksdb.go:120  [db/version_set.cc:4286] Recovered from manifest file:/home/vale/Projects/sofos/go_chi/sofos/main/cockroach-data/cockroach-temp688036860/MANIFEST-000001 succeeded,manifest_file_number is 1, next_file_number is 3, last_sequence is 0, log_number is 0,prev_log_number is 0,max_column_family is 0,min_log_number_to_keep is 0
I200609 16:53:08.456591 37 storage/engine/rocksdb.go:120  [db/version_set.cc:4295] Column family [default] (ID 0), log number is 0
I200609 16:53:08.469143 37 storage/engine/rocksdb.go:120  DB pointer 0x7f92b52c2000
