I200609 16:53:08.304741 1 util/log/clog.go:1203  [config] file created at: 2020/06/09 16:53:08
I200609 16:53:08.304741 1 util/log/clog.go:1203  [config] running on machine: filipovna
I200609 16:53:08.304741 1 util/log/clog.go:1203  [config] binary: CockroachDB CCL v19.2.6 (x86_64-unknown-linux-gnu, built 2020/04/06 18:05:31, go1.12.12)
I200609 16:53:08.304741 1 util/log/clog.go:1203  [config] arguments: [cockroach start --insecure]
I200609 16:53:08.304741 1 util/log/clog.go:1203  line format: [IWEF]yymmdd hh:mm:ss.uuuuuu goid file:line msg utf8=✓
I200609 16:53:08.304730 1 cli/start.go:1140  logging to directory /home/vale/Projects/sofos/go_chi/sofos/main/cockroach-data/logs
W200609 16:53:08.305101 1 cli/start.go:1182  RUNNING IN INSECURE MODE!

- Your cluster is open for any client that can access <all your IP addresses>.
- Any user, even root, can log in without providing a password.
- Any user, connecting as root, can read or write any data in your cluster.
- There is no network encryption nor authentication, and thus no confidentiality.

Check out how to secure your cluster: https://www.cockroachlabs.com/docs/v19.2/secure-a-cluster.html
I200609 16:53:08.305586 1 server/status/recorder.go:597  available memory from cgroups is unsupported, using system memory 7.6 GiB instead: can't read available memory from cgroup v2 at /sys/fs/cgroup/unified/user.slice/user-1000.slice/session-2.scope/memory.max: open /sys/fs/cgroup/unified/user.slice/user-1000.slice/session-2.scope/memory.max: no such file or directory
W200609 16:53:08.305639 1 cli/start.go:1048  Using the default setting for --cache (128 MiB).
  A significantly larger value is usually needed for good performance.
  If you have a dedicated server a reasonable setting is --cache=.25 (1.9 GiB).
I200609 16:53:08.308609 1 server/status/recorder.go:597  available memory from cgroups is unsupported, using system memory 7.6 GiB instead: can't read available memory from cgroup v2 at /sys/fs/cgroup/unified/user.slice/user-1000.slice/session-2.scope/memory.max: open /sys/fs/cgroup/unified/user.slice/user-1000.slice/session-2.scope/memory.max: no such file or directory
W200609 16:53:08.308640 1 cli/start.go:1061  Using the default setting for --max-sql-memory (128 MiB).
  A significantly larger value is usually needed in production.
  If you have a dedicated server a reasonable setting is --max-sql-memory=.25 (1.9 GiB).
I200609 16:53:08.308955 1 server/status/recorder.go:597  available memory from cgroups is unsupported, using system memory 7.6 GiB instead: can't read available memory from cgroup v2 at /sys/fs/cgroup/unified/user.slice/user-1000.slice/session-2.scope/memory.max: open /sys/fs/cgroup/unified/user.slice/user-1000.slice/session-2.scope/memory.max: no such file or directory
I200609 16:53:08.308983 1 cli/start.go:1196  CockroachDB CCL v19.2.6 (x86_64-unknown-linux-gnu, built 2020/04/06 18:05:31, go1.12.12)
W200609 16:53:08.410135 1 cli/start.go:507  running 'cockroach start' without --join is deprecated.
Consider using 'cockroach start-single-node' or 'cockroach init' instead.
I200609 16:53:08.412330 1 server/status/recorder.go:597  available memory from cgroups is unsupported, using system memory 7.6 GiB instead: can't read available memory from cgroup v2 at /sys/fs/cgroup/unified/user.slice/user-1000.slice/session-2.scope/memory.max: open /sys/fs/cgroup/unified/user.slice/user-1000.slice/session-2.scope/memory.max: no such file or directory
I200609 16:53:08.412397 1 server/config.go:394  system total memory: 7.6 GiB
I200609 16:53:08.412536 1 server/config.go:396  server configuration:
max offset             500000000
cache size             128 MiB
SQL memory pool size   128 MiB
scan interval          10m0s
scan min idle time     10ms
scan max idle time     1s
event log enabled      true
I200609 16:53:08.412605 1 cli/start.go:1033  process identity: uid 1000 euid 1000 gid 985 egid 985
I200609 16:53:08.413288 1 cli/start.go:640  starting cockroach node
I200609 16:53:08.424027 37 storage/engine/rocksdb.go:622  opening rocksdb instance at "/home/vale/Projects/sofos/go_chi/sofos/main/cockroach-data/cockroach-temp688036860"
I200609 16:53:08.508231 37 server/server.go:928  [n?] monitoring forward clock jumps based on server.clock.forward_jump_check_enabled
E200609 16:53:08.517228 1 cli/error.go:233  cockroach server exited with error: consider changing the port via --http-addr: listen tcp :8080: bind: address already in use
