I200612 00:31:59.551864 1 util/log/clog.go:1203  [config] file created at: 2020/06/12 00:31:59
I200612 00:31:59.551864 1 util/log/clog.go:1203  [config] running on machine: filipovna
I200612 00:31:59.551864 1 util/log/clog.go:1203  [config] binary: CockroachDB CCL v19.2.6 (x86_64-unknown-linux-gnu, built 2020/04/06 18:05:31, go1.12.12)
I200612 00:31:59.551864 1 util/log/clog.go:1203  [config] arguments: [cockroach start --certs-dir=certs --store=node1 --listen-addr=localhost:26257 --http-addr=localhost:8080 --join=localhost:26257,localhost:26258,localhost:26259]
I200612 00:31:59.551864 1 util/log/clog.go:1203  line format: [IWEF]yymmdd hh:mm:ss.uuuuuu goid file:line msg utf8=✓
I200612 00:31:59.551844 1 cli/start.go:1140  logging to directory /home/vale/Projects/sofos/cockroach/node1/logs
I200612 00:31:59.552465 1 server/status/recorder.go:597  available memory from cgroups is unsupported, using system memory 7.6 GiB instead: can't read available memory from cgroup v2 at /sys/fs/cgroup/unified/user.slice/user-1000.slice/session-2.scope/memory.max: open /sys/fs/cgroup/unified/user.slice/user-1000.slice/session-2.scope/memory.max: no such file or directory
W200612 00:31:59.552494 1 cli/start.go:1048  Using the default setting for --cache (128 MiB).
  A significantly larger value is usually needed for good performance.
  If you have a dedicated server a reasonable setting is --cache=.25 (1.9 GiB).
I200612 00:31:59.552627 1 server/status/recorder.go:597  available memory from cgroups is unsupported, using system memory 7.6 GiB instead: can't read available memory from cgroup v2 at /sys/fs/cgroup/unified/user.slice/user-1000.slice/session-2.scope/memory.max: open /sys/fs/cgroup/unified/user.slice/user-1000.slice/session-2.scope/memory.max: no such file or directory
W200612 00:31:59.552640 1 cli/start.go:1061  Using the default setting for --max-sql-memory (128 MiB).
  A significantly larger value is usually needed in production.
  If you have a dedicated server a reasonable setting is --max-sql-memory=.25 (1.9 GiB).
I200612 00:31:59.552769 1 server/status/recorder.go:597  available memory from cgroups is unsupported, using system memory 7.6 GiB instead: can't read available memory from cgroup v2 at /sys/fs/cgroup/unified/user.slice/user-1000.slice/session-2.scope/memory.max: open /sys/fs/cgroup/unified/user.slice/user-1000.slice/session-2.scope/memory.max: no such file or directory
I200612 00:31:59.552782 1 cli/start.go:1196  CockroachDB CCL v19.2.6 (x86_64-unknown-linux-gnu, built 2020/04/06 18:05:31, go1.12.12)
I200612 00:31:59.656018 1 server/status/recorder.go:597  available memory from cgroups is unsupported, using system memory 7.6 GiB instead: can't read available memory from cgroup v2 at /sys/fs/cgroup/unified/user.slice/user-1000.slice/session-2.scope/memory.max: open /sys/fs/cgroup/unified/user.slice/user-1000.slice/session-2.scope/memory.max: no such file or directory
I200612 00:31:59.656089 1 server/config.go:394  system total memory: 7.6 GiB
I200612 00:31:59.656211 1 server/config.go:396  server configuration:
max offset             500000000
cache size             128 MiB
SQL memory pool size   128 MiB
scan interval          10m0s
scan min idle time     10ms
scan max idle time     1s
event log enabled      true
I200612 00:31:59.656268 1 cli/start.go:1033  process identity: uid 1000 euid 1000 gid 985 egid 985
I200612 00:31:59.656392 1 cli/start.go:640  starting cockroach node
I200612 00:31:59.665813 39 base/addr_validation.go:296  [n?] server certificate addresses: IP=; DNS=localhost,filipovna; CN=node
I200612 00:31:59.665831 39 base/addr_validation.go:342  [n?] web UI certificate addresses: IP=; DNS=localhost,filipovna; CN=node
I200612 00:31:59.666393 39 storage/engine/rocksdb.go:622  opening rocksdb instance at "/home/vale/Projects/sofos/cockroach/node1/cockroach-temp183397404"
I200612 00:31:59.719843 39 server/server.go:928  [n?] monitoring forward clock jumps based on server.clock.forward_jump_check_enabled
I200612 00:31:59.720579 39 storage/engine/rocksdb.go:622  opening rocksdb instance at "/home/vale/Projects/sofos/cockroach/node1"
I200612 00:31:59.742022 39 server/config.go:502  [n?] 1 storage engine initialized
I200612 00:31:59.742036 39 server/config.go:505  [n?] RocksDB cache size: 128 MiB
I200612 00:31:59.742043 39 server/config.go:505  [n?] store 0: RocksDB, max size 0 B, max open file limit 10000
W200612 00:31:59.742524 39 gossip/gossip.go:1517  [n?] no incoming or outgoing connections
I200612 00:31:59.742583 39 server/server.go:1391  [n?] no stores bootstrapped and --join flag specified, awaiting init command or join with an already initialized node.
W200612 00:31:59.743322 58 vendor/google.golang.org/grpc/clientconn.go:1206  grpc: addrConn.createTransport failed to connect to {localhost:26258 0  <nil>}. Err :connection error: desc = "transport: Error while dialing dial tcp [::1]:26258: connect: connection refused". Reconnecting...
I200612 00:31:59.743450 55 vendor/github.com/cockroachdb/circuitbreaker/circuitbreaker.go:322  [n?] circuitbreaker: gossip 127.0.0.1:26257->localhost:26258 tripped: initial connection heartbeat failed: rpc error: code = Unavailable desc = all SubConns are in TransientFailure, latest connection error: connection error: desc = "transport: Error while dialing dial tcp [::1]:26258: connect: connection refused"
I200612 00:31:59.743465 55 vendor/github.com/cockroachdb/circuitbreaker/circuitbreaker.go:447  [n?] circuitbreaker: gossip 127.0.0.1:26257->localhost:26258 event: BreakerTripped
W200612 00:31:59.743479 55 gossip/client.go:118  [n?] failed to start gossip client to localhost:26258: initial connection heartbeat failed: rpc error: code = Unavailable desc = all SubConns are in TransientFailure, latest connection error: connection error: desc = "transport: Error while dialing dial tcp [::1]:26258: connect: connection refused"
W200612 00:32:00.743723 58 vendor/google.golang.org/grpc/clientconn.go:1206  grpc: addrConn.createTransport failed to connect to {localhost:26258 0  <nil>}. Err :connection error: desc = "transport: Error while dialing cannot reuse client connection". Reconnecting...
W200612 00:32:00.746499 63 vendor/google.golang.org/grpc/clientconn.go:1206  grpc: addrConn.createTransport failed to connect to {localhost:26259 0  <nil>}. Err :connection error: desc = "transport: Error while dialing dial tcp [::1]:26259: connect: connection refused". Reconnecting...
I200612 00:32:00.746794 74 vendor/github.com/cockroachdb/circuitbreaker/circuitbreaker.go:322  [n?] circuitbreaker: gossip 127.0.0.1:26257->localhost:26259 tripped: initial connection heartbeat failed: rpc error: code = Unavailable desc = all SubConns are in TransientFailure, latest connection error: connection error: desc = "transport: Error while dialing dial tcp [::1]:26259: connect: connection refused"
I200612 00:32:00.746830 74 vendor/github.com/cockroachdb/circuitbreaker/circuitbreaker.go:447  [n?] circuitbreaker: gossip 127.0.0.1:26257->localhost:26259 event: BreakerTripped
W200612 00:32:00.746891 74 gossip/client.go:118  [n?] failed to start gossip client to localhost:26259: initial connection heartbeat failed: rpc error: code = Unavailable desc = all SubConns are in TransientFailure, latest connection error: connection error: desc = "transport: Error while dialing dial tcp [::1]:26259: connect: connection refused"
I200612 00:32:01.742902 153 cli/start.go:599  initial startup completed.
Node will now attempt to join a running cluster, or wait for `cockroach init`.
Client connections will be accepted after this completes successfully.
Check the log file(s) for progress. 
W200612 00:32:01.745586 178 vendor/google.golang.org/grpc/clientconn.go:1206  grpc: addrConn.createTransport failed to connect to {localhost:26258 0  <nil>}. Err :connection error: desc = "transport: Error while dialing dial tcp [::1]:26258: connect: connection refused". Reconnecting...
W200612 00:32:01.746690 63 vendor/google.golang.org/grpc/clientconn.go:1206  grpc: addrConn.createTransport failed to connect to {localhost:26259 0  <nil>}. Err :connection error: desc = "transport: Error while dialing cannot reuse client connection". Reconnecting...
W200612 00:32:02.746649 178 vendor/google.golang.org/grpc/clientconn.go:1206  grpc: addrConn.createTransport failed to connect to {localhost:26258 0  <nil>}. Err :connection error: desc = "transport: Error while dialing cannot reuse client connection". Reconnecting...
W200612 00:32:02.747505 169 vendor/google.golang.org/grpc/clientconn.go:1206  grpc: addrConn.createTransport failed to connect to {localhost:26259 0  <nil>}. Err :connection error: desc = "transport: Error while dialing dial tcp [::1]:26259: connect: connection refused". Reconnecting...
W200612 00:32:03.747917 169 vendor/google.golang.org/grpc/clientconn.go:1206  grpc: addrConn.createTransport failed to connect to {localhost:26259 0  <nil>}. Err :connection error: desc = "transport: Error while dialing cannot reuse client connection". Reconnecting...
W200612 00:32:03.749431 187 vendor/google.golang.org/grpc/clientconn.go:1206  grpc: addrConn.createTransport failed to connect to {localhost:26258 0  <nil>}. Err :connection error: desc = "transport: Error while dialing dial tcp [::1]:26258: connect: connection refused". Reconnecting...
W200612 00:32:04.749856 187 vendor/google.golang.org/grpc/clientconn.go:1206  grpc: addrConn.createTransport failed to connect to {localhost:26258 0  <nil>}. Err :connection error: desc = "transport: Error while dialing cannot reuse client connection". Reconnecting...
W200612 00:32:04.751333 210 vendor/google.golang.org/grpc/clientconn.go:1206  grpc: addrConn.createTransport failed to connect to {localhost:26259 0  <nil>}. Err :connection error: desc = "transport: Error while dialing dial tcp [::1]:26259: connect: connection refused". Reconnecting...
W200612 00:32:05.751831 210 vendor/google.golang.org/grpc/clientconn.go:1206  grpc: addrConn.createTransport failed to connect to {localhost:26259 0  <nil>}. Err :connection error: desc = "transport: Error while dialing cannot reuse client connection". Reconnecting...
W200612 00:32:05.753624 215 vendor/google.golang.org/grpc/clientconn.go:1206  grpc: addrConn.createTransport failed to connect to {localhost:26258 0  <nil>}. Err :connection error: desc = "transport: Error while dialing dial tcp [::1]:26258: connect: connection refused". Reconnecting...
W200612 00:32:06.753977 215 vendor/google.golang.org/grpc/clientconn.go:1206  grpc: addrConn.createTransport failed to connect to {localhost:26258 0  <nil>}. Err :connection error: desc = "transport: Error while dialing cannot reuse client connection". Reconnecting...
W200612 00:32:06.754322 226 vendor/google.golang.org/grpc/clientconn.go:1206  grpc: addrConn.createTransport failed to connect to {localhost:26259 0  <nil>}. Err :connection error: desc = "transport: Error while dialing dial tcp [::1]:26259: connect: connection refused". Reconnecting...
W200612 00:32:07.754775 226 vendor/google.golang.org/grpc/clientconn.go:1206  grpc: addrConn.createTransport failed to connect to {localhost:26259 0  <nil>}. Err :connection error: desc = "transport: Error while dialing cannot reuse client connection". Reconnecting...
W200612 00:32:07.755490 126 vendor/google.golang.org/grpc/clientconn.go:1206  grpc: addrConn.createTransport failed to connect to {localhost:26258 0  <nil>}. Err :connection error: desc = "transport: Error while dialing dial tcp [::1]:26258: connect: connection refused". Reconnecting...
W200612 00:32:08.755970 126 vendor/google.golang.org/grpc/clientconn.go:1206  grpc: addrConn.createTransport failed to connect to {localhost:26258 0  <nil>}. Err :connection error: desc = "transport: Error while dialing cannot reuse client connection". Reconnecting...
W200612 00:32:08.756608 261 vendor/google.golang.org/grpc/clientconn.go:1206  grpc: addrConn.createTransport failed to connect to {localhost:26259 0  <nil>}. Err :connection error: desc = "transport: Error while dialing dial tcp [::1]:26259: connect: connection refused". Reconnecting...
W200612 00:32:09.756773 261 vendor/google.golang.org/grpc/clientconn.go:1206  grpc: addrConn.createTransport failed to connect to {localhost:26259 0  <nil>}. Err :connection error: desc = "transport: Error while dialing cannot reuse client connection". Reconnecting...
W200612 00:32:09.756832 255 vendor/google.golang.org/grpc/clientconn.go:1206  grpc: addrConn.createTransport failed to connect to {localhost:26258 0  <nil>}. Err :connection error: desc = "transport: Error while dialing dial tcp [::1]:26258: connect: connection refused". Reconnecting...
W200612 00:32:10.757021 255 vendor/google.golang.org/grpc/clientconn.go:1206  grpc: addrConn.createTransport failed to connect to {localhost:26258 0  <nil>}. Err :connection error: desc = "transport: Error while dialing cannot reuse client connection". Reconnecting...
W200612 00:32:10.757319 236 vendor/google.golang.org/grpc/clientconn.go:1206  grpc: addrConn.createTransport failed to connect to {localhost:26259 0  <nil>}. Err :connection error: desc = "transport: Error while dialing dial tcp [::1]:26259: connect: connection refused". Reconnecting...
W200612 00:32:11.757460 236 vendor/google.golang.org/grpc/clientconn.go:1206  grpc: addrConn.createTransport failed to connect to {localhost:26259 0  <nil>}. Err :connection error: desc = "transport: Error while dialing cannot reuse client connection". Reconnecting...
W200612 00:32:11.757615 296 vendor/google.golang.org/grpc/clientconn.go:1206  grpc: addrConn.createTransport failed to connect to {localhost:26258 0  <nil>}. Err :connection error: desc = "transport: Error while dialing dial tcp [::1]:26258: connect: connection refused". Reconnecting...
W200612 00:32:12.757743 296 vendor/google.golang.org/grpc/clientconn.go:1206  grpc: addrConn.createTransport failed to connect to {localhost:26258 0  <nil>}. Err :connection error: desc = "transport: Error while dialing cannot reuse client connection". Reconnecting...
W200612 00:32:12.757964 285 vendor/google.golang.org/grpc/clientconn.go:1206  grpc: addrConn.createTransport failed to connect to {localhost:26259 0  <nil>}. Err :connection error: desc = "transport: Error while dialing dial tcp [::1]:26259: connect: connection refused". Reconnecting...
W200612 00:32:13.758159 285 vendor/google.golang.org/grpc/clientconn.go:1206  grpc: addrConn.createTransport failed to connect to {localhost:26259 0  <nil>}. Err :connection error: desc = "transport: Error while dialing cannot reuse client connection". Reconnecting...
W200612 00:32:13.758544 271 vendor/google.golang.org/grpc/clientconn.go:1206  grpc: addrConn.createTransport failed to connect to {localhost:26258 0  <nil>}. Err :connection error: desc = "transport: Error while dialing dial tcp [::1]:26258: connect: connection refused". Reconnecting...
W200612 00:32:14.758750 271 vendor/google.golang.org/grpc/clientconn.go:1206  grpc: addrConn.createTransport failed to connect to {localhost:26258 0  <nil>}. Err :connection error: desc = "transport: Error while dialing cannot reuse client connection". Reconnecting...
W200612 00:32:14.759343 208 vendor/google.golang.org/grpc/clientconn.go:1206  grpc: addrConn.createTransport failed to connect to {localhost:26259 0  <nil>}. Err :connection error: desc = "transport: Error while dialing dial tcp [::1]:26259: connect: connection refused". Reconnecting...
W200612 00:32:15.759767 208 vendor/google.golang.org/grpc/clientconn.go:1206  grpc: addrConn.createTransport failed to connect to {localhost:26259 0  <nil>}. Err :connection error: desc = "transport: Error while dialing cannot reuse client connection". Reconnecting...
W200612 00:32:15.761831 332 vendor/google.golang.org/grpc/clientconn.go:1206  grpc: addrConn.createTransport failed to connect to {localhost:26258 0  <nil>}. Err :connection error: desc = "transport: Error while dialing dial tcp [::1]:26258: connect: connection refused". Reconnecting...
W200612 00:32:16.762226 332 vendor/google.golang.org/grpc/clientconn.go:1206  grpc: addrConn.createTransport failed to connect to {localhost:26258 0  <nil>}. Err :connection error: desc = "transport: Error while dialing cannot reuse client connection". Reconnecting...
W200612 00:32:16.762811 342 vendor/google.golang.org/grpc/clientconn.go:1206  grpc: addrConn.createTransport failed to connect to {localhost:26259 0  <nil>}. Err :connection error: desc = "transport: Error while dialing dial tcp [::1]:26259: connect: connection refused". Reconnecting...
W200612 00:32:17.761871 388 vendor/google.golang.org/grpc/clientconn.go:1206  grpc: addrConn.createTransport failed to connect to {localhost:26258 0  <nil>}. Err :connection error: desc = "transport: Error while dialing dial tcp [::1]:26258: connect: connection refused". Reconnecting...
W200612 00:32:17.763036 342 vendor/google.golang.org/grpc/clientconn.go:1206  grpc: addrConn.createTransport failed to connect to {localhost:26259 0  <nil>}. Err :connection error: desc = "transport: Error while dialing cannot reuse client connection". Reconnecting...
W200612 00:32:18.762318 388 vendor/google.golang.org/grpc/clientconn.go:1206  grpc: addrConn.createTransport failed to connect to {localhost:26258 0  <nil>}. Err :connection error: desc = "transport: Error while dialing cannot reuse client connection". Reconnecting...
W200612 00:32:18.764083 394 vendor/google.golang.org/grpc/clientconn.go:1206  grpc: addrConn.createTransport failed to connect to {localhost:26259 0  <nil>}. Err :connection error: desc = "transport: Error while dialing dial tcp [::1]:26259: connect: connection refused". Reconnecting...
W200612 00:32:19.764431 394 vendor/google.golang.org/grpc/clientconn.go:1206  grpc: addrConn.createTransport failed to connect to {localhost:26259 0  <nil>}. Err :connection error: desc = "transport: Error while dialing cannot reuse client connection". Reconnecting...
W200612 00:32:19.764577 407 vendor/google.golang.org/grpc/clientconn.go:1206  grpc: addrConn.createTransport failed to connect to {localhost:26258 0  <nil>}. Err :connection error: desc = "transport: Error while dialing dial tcp [::1]:26258: connect: connection refused". Reconnecting...
W200612 00:32:20.764071 423 vendor/google.golang.org/grpc/clientconn.go:1206  grpc: addrConn.createTransport failed to connect to {localhost:26259 0  <nil>}. Err :connection error: desc = "transport: Error while dialing dial tcp [::1]:26259: connect: connection refused". Reconnecting...
W200612 00:32:20.764757 407 vendor/google.golang.org/grpc/clientconn.go:1206  grpc: addrConn.createTransport failed to connect to {localhost:26258 0  <nil>}. Err :connection error: desc = "transport: Error while dialing cannot reuse client connection". Reconnecting...
W200612 00:32:21.764278 423 vendor/google.golang.org/grpc/clientconn.go:1206  grpc: addrConn.createTransport failed to connect to {localhost:26259 0  <nil>}. Err :connection error: desc = "transport: Error while dialing cannot reuse client connection". Reconnecting...
W200612 00:32:21.764642 434 vendor/google.golang.org/grpc/clientconn.go:1206  grpc: addrConn.createTransport failed to connect to {localhost:26258 0  <nil>}. Err :connection error: desc = "transport: Error while dialing dial tcp [::1]:26258: connect: connection refused". Reconnecting...
W200612 00:32:22.764829 434 vendor/google.golang.org/grpc/clientconn.go:1206  grpc: addrConn.createTransport failed to connect to {localhost:26258 0  <nil>}. Err :connection error: desc = "transport: Error while dialing cannot reuse client connection". Reconnecting...
W200612 00:32:22.765125 316 vendor/google.golang.org/grpc/clientconn.go:1206  grpc: addrConn.createTransport failed to connect to {localhost:26259 0  <nil>}. Err :connection error: desc = "transport: Error while dialing dial tcp [::1]:26259: connect: connection refused". Reconnecting...
W200612 00:32:23.765338 316 vendor/google.golang.org/grpc/clientconn.go:1206  grpc: addrConn.createTransport failed to connect to {localhost:26259 0  <nil>}. Err :connection error: desc = "transport: Error while dialing cannot reuse client connection". Reconnecting...
W200612 00:32:23.765823 451 vendor/google.golang.org/grpc/clientconn.go:1206  grpc: addrConn.createTransport failed to connect to {localhost:26258 0  <nil>}. Err :connection error: desc = "transport: Error while dialing dial tcp [::1]:26258: connect: connection refused". Reconnecting...
W200612 00:32:24.766127 451 vendor/google.golang.org/grpc/clientconn.go:1206  grpc: addrConn.createTransport failed to connect to {localhost:26258 0  <nil>}. Err :connection error: desc = "transport: Error while dialing cannot reuse client connection". Reconnecting...
W200612 00:32:24.766877 463 vendor/google.golang.org/grpc/clientconn.go:1206  grpc: addrConn.createTransport failed to connect to {localhost:26259 0  <nil>}. Err :connection error: desc = "transport: Error while dialing dial tcp [::1]:26259: connect: connection refused". Reconnecting...
W200612 00:32:25.767104 463 vendor/google.golang.org/grpc/clientconn.go:1206  grpc: addrConn.createTransport failed to connect to {localhost:26259 0  <nil>}. Err :connection error: desc = "transport: Error while dialing cannot reuse client connection". Reconnecting...
W200612 00:32:25.767201 488 vendor/google.golang.org/grpc/clientconn.go:1206  grpc: addrConn.createTransport failed to connect to {localhost:26258 0  <nil>}. Err :connection error: desc = "transport: Error while dialing dial tcp [::1]:26258: connect: connection refused". Reconnecting...
W200612 00:32:26.767569 488 vendor/google.golang.org/grpc/clientconn.go:1206  grpc: addrConn.createTransport failed to connect to {localhost:26258 0  <nil>}. Err :connection error: desc = "transport: Error while dialing cannot reuse client connection". Reconnecting...
W200612 00:32:26.769285 500 vendor/google.golang.org/grpc/clientconn.go:1206  grpc: addrConn.createTransport failed to connect to {localhost:26259 0  <nil>}. Err :connection error: desc = "transport: Error while dialing dial tcp [::1]:26259: connect: connection refused". Reconnecting...
W200612 00:32:27.768948 473 vendor/google.golang.org/grpc/clientconn.go:1206  grpc: addrConn.createTransport failed to connect to {localhost:26258 0  <nil>}. Err :connection error: desc = "transport: Error while dialing dial tcp [::1]:26258: connect: connection refused". Reconnecting...
W200612 00:32:27.769522 500 vendor/google.golang.org/grpc/clientconn.go:1206  grpc: addrConn.createTransport failed to connect to {localhost:26259 0  <nil>}. Err :connection error: desc = "transport: Error while dialing cannot reuse client connection". Reconnecting...
W200612 00:32:28.769192 473 vendor/google.golang.org/grpc/clientconn.go:1206  grpc: addrConn.createTransport failed to connect to {localhost:26258 0  <nil>}. Err :connection error: desc = "transport: Error while dialing cannot reuse client connection". Reconnecting...
W200612 00:32:28.770025 534 vendor/google.golang.org/grpc/clientconn.go:1206  grpc: addrConn.createTransport failed to connect to {localhost:26259 0  <nil>}. Err :connection error: desc = "transport: Error while dialing dial tcp [::1]:26259: connect: connection refused". Reconnecting...
W200612 00:32:29.743228 539 cli/start.go:630  The server appears to be unable to contact the other nodes in the cluster. Please try:

- starting the other nodes, if you haven't already;
- double-checking that the '--join' and '--listen'/'--advertise' flags are set up correctly;
- running the 'cockroach init' command if you are trying to initialize a new cluster.

If problems persist, please see https://www.cockroachlabs.com/docs/v19.2/cluster-setup-troubleshooting.html.
W200612 00:32:29.770383 534 vendor/google.golang.org/grpc/clientconn.go:1206  grpc: addrConn.createTransport failed to connect to {localhost:26259 0  <nil>}. Err :connection error: desc = "transport: Error while dialing cannot reuse client connection". Reconnecting...
W200612 00:32:29.772003 521 vendor/google.golang.org/grpc/clientconn.go:1206  grpc: addrConn.createTransport failed to connect to {localhost:26258 0  <nil>}. Err :connection error: desc = "transport: Error while dialing dial tcp [::1]:26258: connect: connection refused". Reconnecting...
W200612 00:32:30.772359 521 vendor/google.golang.org/grpc/clientconn.go:1206  grpc: addrConn.createTransport failed to connect to {localhost:26258 0  <nil>}. Err :connection error: desc = "transport: Error while dialing cannot reuse client connection". Reconnecting...
W200612 00:32:30.773150 414 vendor/google.golang.org/grpc/clientconn.go:1206  grpc: addrConn.createTransport failed to connect to {localhost:26259 0  <nil>}. Err :connection error: desc = "transport: Error while dialing dial tcp [::1]:26259: connect: connection refused". Reconnecting...
W200612 00:32:31.772892 552 vendor/google.golang.org/grpc/clientconn.go:1206  grpc: addrConn.createTransport failed to connect to {localhost:26258 0  <nil>}. Err :connection error: desc = "transport: Error while dialing dial tcp [::1]:26258: connect: connection refused". Reconnecting...
W200612 00:32:31.773416 414 vendor/google.golang.org/grpc/clientconn.go:1206  grpc: addrConn.createTransport failed to connect to {localhost:26259 0  <nil>}. Err :connection error: desc = "transport: Error while dialing cannot reuse client connection". Reconnecting...
W200612 00:32:32.773169 552 vendor/google.golang.org/grpc/clientconn.go:1206  grpc: addrConn.createTransport failed to connect to {localhost:26258 0  <nil>}. Err :connection error: desc = "transport: Error while dialing cannot reuse client connection". Reconnecting...
W200612 00:32:32.773505 578 vendor/google.golang.org/grpc/clientconn.go:1206  grpc: addrConn.createTransport failed to connect to {localhost:26259 0  <nil>}. Err :connection error: desc = "transport: Error while dialing dial tcp [::1]:26259: connect: connection refused". Reconnecting...
W200612 00:32:33.773823 578 vendor/google.golang.org/grpc/clientconn.go:1206  grpc: addrConn.createTransport failed to connect to {localhost:26259 0  <nil>}. Err :connection error: desc = "transport: Error while dialing cannot reuse client connection". Reconnecting...
W200612 00:32:33.775754 364 vendor/google.golang.org/grpc/clientconn.go:1206  grpc: addrConn.createTransport failed to connect to {localhost:26258 0  <nil>}. Err :connection error: desc = "transport: Error while dialing dial tcp [::1]:26258: connect: connection refused". Reconnecting...
W200612 00:32:34.775232 599 vendor/google.golang.org/grpc/clientconn.go:1206  grpc: addrConn.createTransport failed to connect to {localhost:26259 0  <nil>}. Err :connection error: desc = "transport: Error while dialing dial tcp [::1]:26259: connect: connection refused". Reconnecting...
W200612 00:32:34.776076 364 vendor/google.golang.org/grpc/clientconn.go:1206  grpc: addrConn.createTransport failed to connect to {localhost:26258 0  <nil>}. Err :connection error: desc = "transport: Error while dialing cannot reuse client connection". Reconnecting...
W200612 00:32:35.775518 599 vendor/google.golang.org/grpc/clientconn.go:1206  grpc: addrConn.createTransport failed to connect to {localhost:26259 0  <nil>}. Err :connection error: desc = "transport: Error while dialing cannot reuse client connection". Reconnecting...
W200612 00:32:35.776197 628 vendor/google.golang.org/grpc/clientconn.go:1206  grpc: addrConn.createTransport failed to connect to {localhost:26258 0  <nil>}. Err :connection error: desc = "transport: Error while dialing dial tcp [::1]:26258: connect: connection refused". Reconnecting...
W200612 00:32:36.776479 628 vendor/google.golang.org/grpc/clientconn.go:1206  grpc: addrConn.createTransport failed to connect to {localhost:26258 0  <nil>}. Err :connection error: desc = "transport: Error while dialing cannot reuse client connection". Reconnecting...
W200612 00:32:36.777007 617 vendor/google.golang.org/grpc/clientconn.go:1206  grpc: addrConn.createTransport failed to connect to {localhost:26259 0  <nil>}. Err :connection error: desc = "transport: Error while dialing dial tcp [::1]:26259: connect: connection refused". Reconnecting...
W200612 00:32:37.777352 617 vendor/google.golang.org/grpc/clientconn.go:1206  grpc: addrConn.createTransport failed to connect to {localhost:26259 0  <nil>}. Err :connection error: desc = "transport: Error while dialing cannot reuse client connection". Reconnecting...
W200612 00:32:37.778369 643 vendor/google.golang.org/grpc/clientconn.go:1206  grpc: addrConn.createTransport failed to connect to {localhost:26258 0  <nil>}. Err :connection error: desc = "transport: Error while dialing dial tcp [::1]:26258: connect: connection refused". Reconnecting...
W200612 00:32:38.778777 643 vendor/google.golang.org/grpc/clientconn.go:1206  grpc: addrConn.createTransport failed to connect to {localhost:26258 0  <nil>}. Err :connection error: desc = "transport: Error while dialing cannot reuse client connection". Reconnecting...
W200612 00:32:38.779110 566 vendor/google.golang.org/grpc/clientconn.go:1206  grpc: addrConn.createTransport failed to connect to {localhost:26259 0  <nil>}. Err :connection error: desc = "transport: Error while dialing dial tcp [::1]:26259: connect: connection refused". Reconnecting...
W200612 00:32:39.779369 566 vendor/google.golang.org/grpc/clientconn.go:1206  grpc: addrConn.createTransport failed to connect to {localhost:26259 0  <nil>}. Err :connection error: desc = "transport: Error while dialing cannot reuse client connection". Reconnecting...
W200612 00:32:39.780073 664 vendor/google.golang.org/grpc/clientconn.go:1206  grpc: addrConn.createTransport failed to connect to {localhost:26258 0  <nil>}. Err :connection error: desc = "transport: Error while dialing dial tcp [::1]:26258: connect: connection refused". Reconnecting...
W200612 00:32:40.780481 664 vendor/google.golang.org/grpc/clientconn.go:1206  grpc: addrConn.createTransport failed to connect to {localhost:26258 0  <nil>}. Err :connection error: desc = "transport: Error while dialing cannot reuse client connection". Reconnecting...
W200612 00:32:40.781881 674 vendor/google.golang.org/grpc/clientconn.go:1206  grpc: addrConn.createTransport failed to connect to {localhost:26259 0  <nil>}. Err :connection error: desc = "transport: Error while dialing dial tcp [::1]:26259: connect: connection refused". Reconnecting...
W200612 00:32:41.782150 674 vendor/google.golang.org/grpc/clientconn.go:1206  grpc: addrConn.createTransport failed to connect to {localhost:26259 0  <nil>}. Err :connection error: desc = "transport: Error while dialing cannot reuse client connection". Reconnecting...
W200612 00:32:41.782786 690 vendor/google.golang.org/grpc/clientconn.go:1206  grpc: addrConn.createTransport failed to connect to {localhost:26258 0  <nil>}. Err :connection error: desc = "transport: Error while dialing dial tcp [::1]:26258: connect: connection refused". Reconnecting...
W200612 00:32:42.783030 690 vendor/google.golang.org/grpc/clientconn.go:1206  grpc: addrConn.createTransport failed to connect to {localhost:26258 0  <nil>}. Err :connection error: desc = "transport: Error while dialing cannot reuse client connection". Reconnecting...
W200612 00:32:42.783526 701 vendor/google.golang.org/grpc/clientconn.go:1206  grpc: addrConn.createTransport failed to connect to {localhost:26259 0  <nil>}. Err :connection error: desc = "transport: Error while dialing dial tcp [::1]:26259: connect: connection refused". Reconnecting...
W200612 00:32:43.783805 701 vendor/google.golang.org/grpc/clientconn.go:1206  grpc: addrConn.createTransport failed to connect to {localhost:26259 0  <nil>}. Err :connection error: desc = "transport: Error while dialing cannot reuse client connection". Reconnecting...
W200612 00:32:43.784513 592 vendor/google.golang.org/grpc/clientconn.go:1206  grpc: addrConn.createTransport failed to connect to {localhost:26258 0  <nil>}. Err :connection error: desc = "transport: Error while dialing dial tcp [::1]:26258: connect: connection refused". Reconnecting...
W200612 00:32:44.784892 592 vendor/google.golang.org/grpc/clientconn.go:1206  grpc: addrConn.createTransport failed to connect to {localhost:26258 0  <nil>}. Err :connection error: desc = "transport: Error while dialing cannot reuse client connection". Reconnecting...
W200612 00:32:44.786434 710 vendor/google.golang.org/grpc/clientconn.go:1206  grpc: addrConn.createTransport failed to connect to {localhost:26259 0  <nil>}. Err :connection error: desc = "transport: Error while dialing dial tcp [::1]:26259: connect: connection refused". Reconnecting...
W200612 00:32:45.786850 710 vendor/google.golang.org/grpc/clientconn.go:1206  grpc: addrConn.createTransport failed to connect to {localhost:26259 0  <nil>}. Err :connection error: desc = "transport: Error while dialing cannot reuse client connection". Reconnecting...
W200612 00:32:45.787363 681 vendor/google.golang.org/grpc/clientconn.go:1206  grpc: addrConn.createTransport failed to connect to {localhost:26258 0  <nil>}. Err :connection error: desc = "transport: Error while dialing dial tcp [::1]:26258: connect: connection refused". Reconnecting...
W200612 00:32:46.787777 681 vendor/google.golang.org/grpc/clientconn.go:1206  grpc: addrConn.createTransport failed to connect to {localhost:26258 0  <nil>}. Err :connection error: desc = "transport: Error while dialing cannot reuse client connection". Reconnecting...
W200612 00:32:46.789210 744 vendor/google.golang.org/grpc/clientconn.go:1206  grpc: addrConn.createTransport failed to connect to {localhost:26259 0  <nil>}. Err :connection error: desc = "transport: Error while dialing dial tcp [::1]:26259: connect: connection refused". Reconnecting...
W200612 00:32:47.789537 744 vendor/google.golang.org/grpc/clientconn.go:1206  grpc: addrConn.createTransport failed to connect to {localhost:26259 0  <nil>}. Err :connection error: desc = "transport: Error while dialing cannot reuse client connection". Reconnecting...
W200612 00:32:47.789916 772 vendor/google.golang.org/grpc/clientconn.go:1206  grpc: addrConn.createTransport failed to connect to {localhost:26258 0  <nil>}. Err :connection error: desc = "transport: Error while dialing dial tcp [::1]:26258: connect: connection refused". Reconnecting...
W200612 00:32:48.790326 772 vendor/google.golang.org/grpc/clientconn.go:1206  grpc: addrConn.createTransport failed to connect to {localhost:26258 0  <nil>}. Err :connection error: desc = "transport: Error while dialing cannot reuse client connection". Reconnecting...
W200612 00:32:48.791856 687 vendor/google.golang.org/grpc/clientconn.go:1206  grpc: addrConn.createTransport failed to connect to {localhost:26259 0  <nil>}. Err :connection error: desc = "transport: Error while dialing dial tcp [::1]:26259: connect: connection refused". Reconnecting...
W200612 00:32:49.792130 687 vendor/google.golang.org/grpc/clientconn.go:1206  grpc: addrConn.createTransport failed to connect to {localhost:26259 0  <nil>}. Err :connection error: desc = "transport: Error while dialing cannot reuse client connection". Reconnecting...
W200612 00:32:49.792416 809 vendor/google.golang.org/grpc/clientconn.go:1206  grpc: addrConn.createTransport failed to connect to {localhost:26258 0  <nil>}. Err :connection error: desc = "transport: Error while dialing dial tcp [::1]:26258: connect: connection refused". Reconnecting...
W200612 00:32:50.792873 809 vendor/google.golang.org/grpc/clientconn.go:1206  grpc: addrConn.createTransport failed to connect to {localhost:26258 0  <nil>}. Err :connection error: desc = "transport: Error while dialing cannot reuse client connection". Reconnecting...
W200612 00:32:50.794650 815 vendor/google.golang.org/grpc/clientconn.go:1206  grpc: addrConn.createTransport failed to connect to {localhost:26259 0  <nil>}. Err :connection error: desc = "transport: Error while dialing dial tcp [::1]:26259: connect: connection refused". Reconnecting...
W200612 00:32:51.795061 815 vendor/google.golang.org/grpc/clientconn.go:1206  grpc: addrConn.createTransport failed to connect to {localhost:26259 0  <nil>}. Err :connection error: desc = "transport: Error while dialing cannot reuse client connection". Reconnecting...
W200612 00:32:51.795515 834 vendor/google.golang.org/grpc/clientconn.go:1206  grpc: addrConn.createTransport failed to connect to {localhost:26258 0  <nil>}. Err :connection error: desc = "transport: Error while dialing dial tcp [::1]:26258: connect: connection refused". Reconnecting...
W200612 00:32:52.795906 834 vendor/google.golang.org/grpc/clientconn.go:1206  grpc: addrConn.createTransport failed to connect to {localhost:26258 0  <nil>}. Err :connection error: desc = "transport: Error while dialing cannot reuse client connection". Reconnecting...
W200612 00:32:52.797110 799 vendor/google.golang.org/grpc/clientconn.go:1206  grpc: addrConn.createTransport failed to connect to {localhost:26259 0  <nil>}. Err :connection error: desc = "transport: Error while dialing dial tcp [::1]:26259: connect: connection refused". Reconnecting...
W200612 00:32:53.797490 799 vendor/google.golang.org/grpc/clientconn.go:1206  grpc: addrConn.createTransport failed to connect to {localhost:26259 0  <nil>}. Err :connection error: desc = "transport: Error while dialing cannot reuse client connection". Reconnecting...
W200612 00:32:53.798614 767 vendor/google.golang.org/grpc/clientconn.go:1206  grpc: addrConn.createTransport failed to connect to {localhost:26258 0  <nil>}. Err :connection error: desc = "transport: Error while dialing dial tcp [::1]:26258: connect: connection refused". Reconnecting...
W200612 00:32:54.799154 767 vendor/google.golang.org/grpc/clientconn.go:1206  grpc: addrConn.createTransport failed to connect to {localhost:26258 0  <nil>}. Err :connection error: desc = "transport: Error while dialing cannot reuse client connection". Reconnecting...
W200612 00:32:54.800286 857 vendor/google.golang.org/grpc/clientconn.go:1206  grpc: addrConn.createTransport failed to connect to {localhost:26259 0  <nil>}. Err :connection error: desc = "transport: Error while dialing dial tcp [::1]:26259: connect: connection refused". Reconnecting...
W200612 00:32:55.800711 857 vendor/google.golang.org/grpc/clientconn.go:1206  grpc: addrConn.createTransport failed to connect to {localhost:26259 0  <nil>}. Err :connection error: desc = "transport: Error while dialing cannot reuse client connection". Reconnecting...
W200612 00:32:55.801706 876 vendor/google.golang.org/grpc/clientconn.go:1206  grpc: addrConn.createTransport failed to connect to {localhost:26258 0  <nil>}. Err :connection error: desc = "transport: Error while dialing dial tcp [::1]:26258: connect: connection refused". Reconnecting...
W200612 00:32:56.802128 876 vendor/google.golang.org/grpc/clientconn.go:1206  grpc: addrConn.createTransport failed to connect to {localhost:26258 0  <nil>}. Err :connection error: desc = "transport: Error while dialing cannot reuse client connection". Reconnecting...
W200612 00:32:56.803764 863 vendor/google.golang.org/grpc/clientconn.go:1206  grpc: addrConn.createTransport failed to connect to {localhost:26259 0  <nil>}. Err :connection error: desc = "transport: Error while dialing dial tcp [::1]:26259: connect: connection refused". Reconnecting...
W200612 00:32:57.803373 826 vendor/google.golang.org/grpc/clientconn.go:1206  grpc: addrConn.createTransport failed to connect to {localhost:26258 0  <nil>}. Err :connection error: desc = "transport: Error while dialing dial tcp [::1]:26258: connect: connection refused". Reconnecting...
W200612 00:32:57.804047 863 vendor/google.golang.org/grpc/clientconn.go:1206  grpc: addrConn.createTransport failed to connect to {localhost:26259 0  <nil>}. Err :connection error: desc = "transport: Error while dialing cannot reuse client connection". Reconnecting...
W200612 00:32:58.803862 826 vendor/google.golang.org/grpc/clientconn.go:1206  grpc: addrConn.createTransport failed to connect to {localhost:26258 0  <nil>}. Err :connection error: desc = "transport: Error while dialing cannot reuse client connection". Reconnecting...
W200612 00:32:58.805306 916 vendor/google.golang.org/grpc/clientconn.go:1206  grpc: addrConn.createTransport failed to connect to {localhost:26259 0  <nil>}. Err :connection error: desc = "transport: Error while dialing dial tcp [::1]:26259: connect: connection refused". Reconnecting...
W200612 00:32:59.805774 916 vendor/google.golang.org/grpc/clientconn.go:1206  grpc: addrConn.createTransport failed to connect to {localhost:26259 0  <nil>}. Err :connection error: desc = "transport: Error while dialing cannot reuse client connection". Reconnecting...
W200612 00:32:59.806806 932 vendor/google.golang.org/grpc/clientconn.go:1206  grpc: addrConn.createTransport failed to connect to {localhost:26258 0  <nil>}. Err :connection error: desc = "transport: Error while dialing dial tcp [::1]:26258: connect: connection refused". Reconnecting...
W200612 00:33:00.807240 932 vendor/google.golang.org/grpc/clientconn.go:1206  grpc: addrConn.createTransport failed to connect to {localhost:26258 0  <nil>}. Err :connection error: desc = "transport: Error while dialing cannot reuse client connection". Reconnecting...
W200612 00:33:00.808563 942 vendor/google.golang.org/grpc/clientconn.go:1206  grpc: addrConn.createTransport failed to connect to {localhost:26259 0  <nil>}. Err :connection error: desc = "transport: Error while dialing dial tcp [::1]:26259: connect: connection refused". Reconnecting...
W200612 00:33:01.808276 894 vendor/google.golang.org/grpc/clientconn.go:1206  grpc: addrConn.createTransport failed to connect to {localhost:26258 0  <nil>}. Err :connection error: desc = "transport: Error while dialing dial tcp [::1]:26258: connect: connection refused". Reconnecting...
W200612 00:33:01.808826 942 vendor/google.golang.org/grpc/clientconn.go:1206  grpc: addrConn.createTransport failed to connect to {localhost:26259 0  <nil>}. Err :connection error: desc = "transport: Error while dialing cannot reuse client connection". Reconnecting...
W200612 00:33:02.808690 894 vendor/google.golang.org/grpc/clientconn.go:1206  grpc: addrConn.createTransport failed to connect to {localhost:26258 0  <nil>}. Err :connection error: desc = "transport: Error while dialing cannot reuse client connection". Reconnecting...
W200612 00:33:02.810745 951 vendor/google.golang.org/grpc/clientconn.go:1206  grpc: addrConn.createTransport failed to connect to {localhost:26259 0  <nil>}. Err :connection error: desc = "transport: Error while dialing dial tcp [::1]:26259: connect: connection refused". Reconnecting...
W200612 00:33:03.811083 951 vendor/google.golang.org/grpc/clientconn.go:1206  grpc: addrConn.createTransport failed to connect to {localhost:26259 0  <nil>}. Err :connection error: desc = "transport: Error while dialing cannot reuse client connection". Reconnecting...
W200612 00:33:03.811476 979 vendor/google.golang.org/grpc/clientconn.go:1206  grpc: addrConn.createTransport failed to connect to {localhost:26258 0  <nil>}. Err :connection error: desc = "transport: Error while dialing dial tcp [::1]:26258: connect: connection refused". Reconnecting...
W200612 00:33:04.811842 979 vendor/google.golang.org/grpc/clientconn.go:1206  grpc: addrConn.createTransport failed to connect to {localhost:26258 0  <nil>}. Err :connection error: desc = "transport: Error while dialing cannot reuse client connection". Reconnecting...
W200612 00:33:04.812905 846 vendor/google.golang.org/grpc/clientconn.go:1206  grpc: addrConn.createTransport failed to connect to {localhost:26259 0  <nil>}. Err :connection error: desc = "transport: Error while dialing dial tcp [::1]:26259: connect: connection refused". Reconnecting...
W200612 00:33:05.813256 846 vendor/google.golang.org/grpc/clientconn.go:1206  grpc: addrConn.createTransport failed to connect to {localhost:26259 0  <nil>}. Err :connection error: desc = "transport: Error while dialing cannot reuse client connection". Reconnecting...
W200612 00:33:05.813957 1000 vendor/google.golang.org/grpc/clientconn.go:1206  grpc: addrConn.createTransport failed to connect to {localhost:26258 0  <nil>}. Err :connection error: desc = "transport: Error while dialing dial tcp [::1]:26258: connect: connection refused". Reconnecting...
W200612 00:33:06.814383 1000 vendor/google.golang.org/grpc/clientconn.go:1206  grpc: addrConn.createTransport failed to connect to {localhost:26258 0  <nil>}. Err :connection error: desc = "transport: Error while dialing cannot reuse client connection". Reconnecting...
W200612 00:33:06.814941 1013 vendor/google.golang.org/grpc/clientconn.go:1206  grpc: addrConn.createTransport failed to connect to {localhost:26259 0  <nil>}. Err :connection error: desc = "transport: Error while dialing dial tcp [::1]:26259: connect: connection refused". Reconnecting...
W200612 00:33:07.815367 1013 vendor/google.golang.org/grpc/clientconn.go:1206  grpc: addrConn.createTransport failed to connect to {localhost:26259 0  <nil>}. Err :connection error: desc = "transport: Error while dialing cannot reuse client connection". Reconnecting...
W200612 00:33:07.816984 971 vendor/google.golang.org/grpc/clientconn.go:1206  grpc: addrConn.createTransport failed to connect to {localhost:26258 0  <nil>}. Err :connection error: desc = "transport: Error while dialing dial tcp [::1]:26258: connect: connection refused". Reconnecting...
W200612 00:33:08.817408 971 vendor/google.golang.org/grpc/clientconn.go:1206  grpc: addrConn.createTransport failed to connect to {localhost:26258 0  <nil>}. Err :connection error: desc = "transport: Error while dialing cannot reuse client connection". Reconnecting...
W200612 00:33:08.817944 1030 vendor/google.golang.org/grpc/clientconn.go:1206  grpc: addrConn.createTransport failed to connect to {localhost:26259 0  <nil>}. Err :connection error: desc = "transport: Error while dialing dial tcp [::1]:26259: connect: connection refused". Reconnecting...
W200612 00:33:09.818338 1030 vendor/google.golang.org/grpc/clientconn.go:1206  grpc: addrConn.createTransport failed to connect to {localhost:26259 0  <nil>}. Err :connection error: desc = "transport: Error while dialing cannot reuse client connection". Reconnecting...
W200612 00:33:09.818488 1025 vendor/google.golang.org/grpc/clientconn.go:1206  grpc: addrConn.createTransport failed to connect to {localhost:26258 0  <nil>}. Err :connection error: desc = "transport: Error while dialing dial tcp [::1]:26258: connect: connection refused". Reconnecting...
E200612 00:33:10.703343 1037 httpLoggerserver.go:3010  http: TLS handshake error from 127.0.0.1:41004: remote error: tls: unknown certificate
W200612 00:33:10.818029 1005 vendor/google.golang.org/grpc/clientconn.go:1206  grpc: addrConn.createTransport failed to connect to {localhost:26259 0  <nil>}. Err :connection error: desc = "transport: Error while dialing dial tcp [::1]:26259: connect: connection refused". Reconnecting...
W200612 00:33:10.818694 1025 vendor/google.golang.org/grpc/clientconn.go:1206  grpc: addrConn.createTransport failed to connect to {localhost:26258 0  <nil>}. Err :connection error: desc = "transport: Error while dialing cannot reuse client connection". Reconnecting...
W200612 00:33:11.818392 1005 vendor/google.golang.org/grpc/clientconn.go:1206  grpc: addrConn.createTransport failed to connect to {localhost:26259 0  <nil>}. Err :connection error: desc = "transport: Error while dialing cannot reuse client connection". Reconnecting...
W200612 00:33:11.819512 1092 vendor/google.golang.org/grpc/clientconn.go:1206  grpc: addrConn.createTransport failed to connect to {localhost:26258 0  <nil>}. Err :connection error: desc = "transport: Error while dialing dial tcp [::1]:26258: connect: connection refused". Reconnecting...
W200612 00:33:12.819905 1092 vendor/google.golang.org/grpc/clientconn.go:1206  grpc: addrConn.createTransport failed to connect to {localhost:26258 0  <nil>}. Err :connection error: desc = "transport: Error while dialing cannot reuse client connection". Reconnecting...
W200612 00:33:12.821506 1063 vendor/google.golang.org/grpc/clientconn.go:1206  grpc: addrConn.createTransport failed to connect to {localhost:26259 0  <nil>}. Err :connection error: desc = "transport: Error while dialing dial tcp [::1]:26259: connect: connection refused". Reconnecting...
W200612 00:33:13.821944 1063 vendor/google.golang.org/grpc/clientconn.go:1206  grpc: addrConn.createTransport failed to connect to {localhost:26259 0  <nil>}. Err :connection error: desc = "transport: Error while dialing cannot reuse client connection". Reconnecting...
W200612 00:33:13.823150 1113 vendor/google.golang.org/grpc/clientconn.go:1206  grpc: addrConn.createTransport failed to connect to {localhost:26258 0  <nil>}. Err :connection error: desc = "transport: Error while dialing dial tcp [::1]:26258: connect: connection refused". Reconnecting...
W200612 00:33:14.823599 1113 vendor/google.golang.org/grpc/clientconn.go:1206  grpc: addrConn.createTransport failed to connect to {localhost:26258 0  <nil>}. Err :connection error: desc = "transport: Error while dialing cannot reuse client connection". Reconnecting...
W200612 00:33:14.824525 1084 vendor/google.golang.org/grpc/clientconn.go:1206  grpc: addrConn.createTransport failed to connect to {localhost:26259 0  <nil>}. Err :connection error: desc = "transport: Error while dialing dial tcp [::1]:26259: connect: connection refused". Reconnecting...
W200612 00:33:15.824818 1084 vendor/google.golang.org/grpc/clientconn.go:1206  grpc: addrConn.createTransport failed to connect to {localhost:26259 0  <nil>}. Err :connection error: desc = "transport: Error while dialing cannot reuse client connection". Reconnecting...
W200612 00:33:15.826207 1118 vendor/google.golang.org/grpc/clientconn.go:1206  grpc: addrConn.createTransport failed to connect to {localhost:26258 0  <nil>}. Err :connection error: desc = "transport: Error while dialing dial tcp [::1]:26258: connect: connection refused". Reconnecting...
W200612 00:33:16.826536 1118 vendor/google.golang.org/grpc/clientconn.go:1206  grpc: addrConn.createTransport failed to connect to {localhost:26258 0  <nil>}. Err :connection error: desc = "transport: Error while dialing cannot reuse client connection". Reconnecting...
W200612 00:33:16.826775 1144 vendor/google.golang.org/grpc/clientconn.go:1206  grpc: addrConn.createTransport failed to connect to {localhost:26259 0  <nil>}. Err :connection error: desc = "transport: Error while dialing dial tcp [::1]:26259: connect: connection refused". Reconnecting...
W200612 00:33:17.827060 1144 vendor/google.golang.org/grpc/clientconn.go:1206  grpc: addrConn.createTransport failed to connect to {localhost:26259 0  <nil>}. Err :connection error: desc = "transport: Error while dialing cannot reuse client connection". Reconnecting...
W200612 00:33:17.827330 1170 vendor/google.golang.org/grpc/clientconn.go:1206  grpc: addrConn.createTransport failed to connect to {localhost:26258 0  <nil>}. Err :connection error: desc = "transport: Error while dialing dial tcp [::1]:26258: connect: connection refused". Reconnecting...
W200612 00:33:18.827810 1170 vendor/google.golang.org/grpc/clientconn.go:1206  grpc: addrConn.createTransport failed to connect to {localhost:26258 0  <nil>}. Err :connection error: desc = "transport: Error while dialing cannot reuse client connection". Reconnecting...
W200612 00:33:18.829566 1040 vendor/google.golang.org/grpc/clientconn.go:1206  grpc: addrConn.createTransport failed to connect to {localhost:26259 0  <nil>}. Err :connection error: desc = "transport: Error while dialing dial tcp [::1]:26259: connect: connection refused". Reconnecting...
W200612 00:33:19.830051 1040 vendor/google.golang.org/grpc/clientconn.go:1206  grpc: addrConn.createTransport failed to connect to {localhost:26259 0  <nil>}. Err :connection error: desc = "transport: Error while dialing cannot reuse client connection". Reconnecting...
W200612 00:33:19.830822 1205 vendor/google.golang.org/grpc/clientconn.go:1206  grpc: addrConn.createTransport failed to connect to {localhost:26258 0  <nil>}. Err :connection error: desc = "transport: Error while dialing dial tcp [::1]:26258: connect: connection refused". Reconnecting...
W200612 00:33:20.831276 1205 vendor/google.golang.org/grpc/clientconn.go:1206  grpc: addrConn.createTransport failed to connect to {localhost:26258 0  <nil>}. Err :connection error: desc = "transport: Error while dialing cannot reuse client connection". Reconnecting...
W200612 00:33:20.832015 1219 vendor/google.golang.org/grpc/clientconn.go:1206  grpc: addrConn.createTransport failed to connect to {localhost:26259 0  <nil>}. Err :connection error: desc = "transport: Error while dialing dial tcp [::1]:26259: connect: connection refused". Reconnecting...
E200612 00:33:21.479332 1224 httpLoggerserver.go:3010  http: TLS handshake error from 127.0.0.1:41000: EOF
W200612 00:33:21.832415 1219 vendor/google.golang.org/grpc/clientconn.go:1206  grpc: addrConn.createTransport failed to connect to {localhost:26259 0  <nil>}. Err :connection error: desc = "transport: Error while dialing cannot reuse client connection". Reconnecting...
W200612 00:33:21.832886 1212 vendor/google.golang.org/grpc/clientconn.go:1206  grpc: addrConn.createTransport failed to connect to {localhost:26258 0  <nil>}. Err :connection error: desc = "transport: Error while dialing dial tcp [::1]:26258: connect: connection refused". Reconnecting...
W200612 00:33:22.833301 1212 vendor/google.golang.org/grpc/clientconn.go:1206  grpc: addrConn.createTransport failed to connect to {localhost:26258 0  <nil>}. Err :connection error: desc = "transport: Error while dialing cannot reuse client connection". Reconnecting...
W200612 00:33:22.833910 1250 vendor/google.golang.org/grpc/clientconn.go:1206  grpc: addrConn.createTransport failed to connect to {localhost:26259 0  <nil>}. Err :connection error: desc = "transport: Error while dialing dial tcp [::1]:26259: connect: connection refused". Reconnecting...
W200612 00:33:23.834348 1250 vendor/google.golang.org/grpc/clientconn.go:1206  grpc: addrConn.createTransport failed to connect to {localhost:26259 0  <nil>}. Err :connection error: desc = "transport: Error while dialing cannot reuse client connection". Reconnecting...
W200612 00:33:23.835934 1237 vendor/google.golang.org/grpc/clientconn.go:1206  grpc: addrConn.createTransport failed to connect to {localhost:26258 0  <nil>}. Err :connection error: desc = "transport: Error while dialing dial tcp [::1]:26258: connect: connection refused". Reconnecting...
W200612 00:33:24.836347 1237 vendor/google.golang.org/grpc/clientconn.go:1206  grpc: addrConn.createTransport failed to connect to {localhost:26258 0  <nil>}. Err :connection error: desc = "transport: Error while dialing cannot reuse client connection". Reconnecting...
W200612 00:33:24.838003 1217 vendor/google.golang.org/grpc/clientconn.go:1206  grpc: addrConn.createTransport failed to connect to {localhost:26259 0  <nil>}. Err :connection error: desc = "transport: Error while dialing dial tcp [::1]:26259: connect: connection refused". Reconnecting...
W200612 00:33:25.838395 1217 vendor/google.golang.org/grpc/clientconn.go:1206  grpc: addrConn.createTransport failed to connect to {localhost:26259 0  <nil>}. Err :connection error: desc = "transport: Error while dialing cannot reuse client connection". Reconnecting...
W200612 00:33:25.838418 1298 vendor/google.golang.org/grpc/clientconn.go:1206  grpc: addrConn.createTransport failed to connect to {localhost:26258 0  <nil>}. Err :connection error: desc = "transport: Error while dialing dial tcp [::1]:26258: connect: connection refused". Reconnecting...
W200612 00:33:26.838819 1298 vendor/google.golang.org/grpc/clientconn.go:1206  grpc: addrConn.createTransport failed to connect to {localhost:26258 0  <nil>}. Err :connection error: desc = "transport: Error while dialing cannot reuse client connection". Reconnecting...
W200612 00:33:26.839837 1311 vendor/google.golang.org/grpc/clientconn.go:1206  grpc: addrConn.createTransport failed to connect to {localhost:26259 0  <nil>}. Err :connection error: desc = "transport: Error while dialing dial tcp [::1]:26259: connect: connection refused". Reconnecting...
W200612 00:33:27.840446 1311 vendor/google.golang.org/grpc/clientconn.go:1206  grpc: addrConn.createTransport failed to connect to {localhost:26259 0  <nil>}. Err :connection error: desc = "transport: Error while dialing cannot reuse client connection". Reconnecting...
W200612 00:33:27.841949 1275 vendor/google.golang.org/grpc/clientconn.go:1206  grpc: addrConn.createTransport failed to connect to {localhost:26258 0  <nil>}. Err :connection error: desc = "transport: Error while dialing dial tcp [::1]:26258: connect: connection refused". Reconnecting...
W200612 00:33:28.842420 1275 vendor/google.golang.org/grpc/clientconn.go:1206  grpc: addrConn.createTransport failed to connect to {localhost:26258 0  <nil>}. Err :connection error: desc = "transport: Error while dialing cannot reuse client connection". Reconnecting...
W200612 00:33:28.843349 1330 vendor/google.golang.org/grpc/clientconn.go:1206  grpc: addrConn.createTransport failed to connect to {localhost:26259 0  <nil>}. Err :connection error: desc = "transport: Error while dialing dial tcp [::1]:26259: connect: connection refused". Reconnecting...
W200612 00:33:29.843694 1330 vendor/google.golang.org/grpc/clientconn.go:1206  grpc: addrConn.createTransport failed to connect to {localhost:26259 0  <nil>}. Err :connection error: desc = "transport: Error while dialing cannot reuse client connection". Reconnecting...
W200612 00:33:29.844512 1340 vendor/google.golang.org/grpc/clientconn.go:1206  grpc: addrConn.createTransport failed to connect to {localhost:26258 0  <nil>}. Err :connection error: desc = "transport: Error while dialing dial tcp [::1]:26258: connect: connection refused". Reconnecting...
W200612 00:33:30.844958 1340 vendor/google.golang.org/grpc/clientconn.go:1206  grpc: addrConn.createTransport failed to connect to {localhost:26258 0  <nil>}. Err :connection error: desc = "transport: Error while dialing cannot reuse client connection". Reconnecting...
W200612 00:33:30.846130 1201 vendor/google.golang.org/grpc/clientconn.go:1206  grpc: addrConn.createTransport failed to connect to {localhost:26259 0  <nil>}. Err :connection error: desc = "transport: Error while dialing dial tcp [::1]:26259: connect: connection refused". Reconnecting...
W200612 00:33:31.846559 1201 vendor/google.golang.org/grpc/clientconn.go:1206  grpc: addrConn.createTransport failed to connect to {localhost:26259 0  <nil>}. Err :connection error: desc = "transport: Error while dialing cannot reuse client connection". Reconnecting...
W200612 00:33:31.847239 1294 vendor/google.golang.org/grpc/clientconn.go:1206  grpc: addrConn.createTransport failed to connect to {localhost:26258 0  <nil>}. Err :connection error: desc = "transport: Error while dialing dial tcp [::1]:26258: connect: connection refused". Reconnecting...
W200612 00:33:32.847635 1294 vendor/google.golang.org/grpc/clientconn.go:1206  grpc: addrConn.createTransport failed to connect to {localhost:26258 0  <nil>}. Err :connection error: desc = "transport: Error while dialing cannot reuse client connection". Reconnecting...
W200612 00:33:32.849321 1384 vendor/google.golang.org/grpc/clientconn.go:1206  grpc: addrConn.createTransport failed to connect to {localhost:26259 0  <nil>}. Err :connection error: desc = "transport: Error while dialing dial tcp [::1]:26259: connect: connection refused". Reconnecting...
W200612 00:33:33.849738 1384 vendor/google.golang.org/grpc/clientconn.go:1206  grpc: addrConn.createTransport failed to connect to {localhost:26259 0  <nil>}. Err :connection error: desc = "transport: Error while dialing cannot reuse client connection". Reconnecting...
W200612 00:33:33.850729 1396 vendor/google.golang.org/grpc/clientconn.go:1206  grpc: addrConn.createTransport failed to connect to {localhost:26258 0  <nil>}. Err :connection error: desc = "transport: Error while dialing dial tcp [::1]:26258: connect: connection refused". Reconnecting...
W200612 00:33:34.851137 1396 vendor/google.golang.org/grpc/clientconn.go:1206  grpc: addrConn.createTransport failed to connect to {localhost:26258 0  <nil>}. Err :connection error: desc = "transport: Error while dialing cannot reuse client connection". Reconnecting...
W200612 00:33:34.851625 1367 vendor/google.golang.org/grpc/clientconn.go:1206  grpc: addrConn.createTransport failed to connect to {localhost:26259 0  <nil>}. Err :connection error: desc = "transport: Error while dialing dial tcp [::1]:26259: connect: connection refused". Reconnecting...
W200612 00:33:35.852109 1367 vendor/google.golang.org/grpc/clientconn.go:1206  grpc: addrConn.createTransport failed to connect to {localhost:26259 0  <nil>}. Err :connection error: desc = "transport: Error while dialing cannot reuse client connection". Reconnecting...
W200612 00:33:35.853707 1372 vendor/google.golang.org/grpc/clientconn.go:1206  grpc: addrConn.createTransport failed to connect to {localhost:26258 0  <nil>}. Err :connection error: desc = "transport: Error while dialing dial tcp [::1]:26258: connect: connection refused". Reconnecting...
W200612 00:33:36.854024 1372 vendor/google.golang.org/grpc/clientconn.go:1206  grpc: addrConn.createTransport failed to connect to {localhost:26258 0  <nil>}. Err :connection error: desc = "transport: Error while dialing cannot reuse client connection". Reconnecting...
W200612 00:33:36.854207 1416 vendor/google.golang.org/grpc/clientconn.go:1206  grpc: addrConn.createTransport failed to connect to {localhost:26259 0  <nil>}. Err :connection error: desc = "transport: Error while dialing dial tcp [::1]:26259: connect: connection refused". Reconnecting...
W200612 00:33:37.854543 1416 vendor/google.golang.org/grpc/clientconn.go:1206  grpc: addrConn.createTransport failed to connect to {localhost:26259 0  <nil>}. Err :connection error: desc = "transport: Error while dialing cannot reuse client connection". Reconnecting...
W200612 00:33:37.854777 1430 vendor/google.golang.org/grpc/clientconn.go:1206  grpc: addrConn.createTransport failed to connect to {localhost:26258 0  <nil>}. Err :connection error: desc = "transport: Error while dialing dial tcp [::1]:26258: connect: connection refused". Reconnecting...
W200612 00:33:38.855206 1430 vendor/google.golang.org/grpc/clientconn.go:1206  grpc: addrConn.createTransport failed to connect to {localhost:26258 0  <nil>}. Err :connection error: desc = "transport: Error while dialing cannot reuse client connection". Reconnecting...
W200612 00:33:38.856041 1459 vendor/google.golang.org/grpc/clientconn.go:1206  grpc: addrConn.createTransport failed to connect to {localhost:26259 0  <nil>}. Err :connection error: desc = "transport: Error while dialing dial tcp [::1]:26259: connect: connection refused". Reconnecting...
W200612 00:33:39.856363 1459 vendor/google.golang.org/grpc/clientconn.go:1206  grpc: addrConn.createTransport failed to connect to {localhost:26259 0  <nil>}. Err :connection error: desc = "transport: Error while dialing cannot reuse client connection". Reconnecting...
W200612 00:33:39.857156 1475 vendor/google.golang.org/grpc/clientconn.go:1206  grpc: addrConn.createTransport failed to connect to {localhost:26258 0  <nil>}. Err :connection error: desc = "transport: Error while dialing dial tcp [::1]:26258: connect: connection refused". Reconnecting...
W200612 00:33:40.857497 1475 vendor/google.golang.org/grpc/clientconn.go:1206  grpc: addrConn.createTransport failed to connect to {localhost:26258 0  <nil>}. Err :connection error: desc = "transport: Error while dialing cannot reuse client connection". Reconnecting...
W200612 00:33:40.858539 1484 vendor/google.golang.org/grpc/clientconn.go:1206  grpc: addrConn.createTransport failed to connect to {localhost:26259 0  <nil>}. Err :connection error: desc = "transport: Error while dialing dial tcp [::1]:26259: connect: connection refused". Reconnecting...
W200612 00:33:41.858894 1484 vendor/google.golang.org/grpc/clientconn.go:1206  grpc: addrConn.createTransport failed to connect to {localhost:26259 0  <nil>}. Err :connection error: desc = "transport: Error while dialing cannot reuse client connection". Reconnecting...
W200612 00:33:41.859331 1471 vendor/google.golang.org/grpc/clientconn.go:1206  grpc: addrConn.createTransport failed to connect to {localhost:26258 0  <nil>}. Err :connection error: desc = "transport: Error while dialing dial tcp [::1]:26258: connect: connection refused". Reconnecting...
W200612 00:33:42.859695 1471 vendor/google.golang.org/grpc/clientconn.go:1206  grpc: addrConn.createTransport failed to connect to {localhost:26258 0  <nil>}. Err :connection error: desc = "transport: Error while dialing cannot reuse client connection". Reconnecting...
W200612 00:33:42.860672 1512 vendor/google.golang.org/grpc/clientconn.go:1206  grpc: addrConn.createTransport failed to connect to {localhost:26259 0  <nil>}. Err :connection error: desc = "transport: Error while dialing dial tcp [::1]:26259: connect: connection refused". Reconnecting...
W200612 00:33:43.859763 1497 vendor/google.golang.org/grpc/clientconn.go:1206  grpc: addrConn.createTransport failed to connect to {localhost:26258 0  <nil>}. Err :connection error: desc = "transport: Error while dialing dial tcp [::1]:26258: connect: connection refused". Reconnecting...
W200612 00:33:43.860929 1512 vendor/google.golang.org/grpc/clientconn.go:1206  grpc: addrConn.createTransport failed to connect to {localhost:26259 0  <nil>}. Err :connection error: desc = "transport: Error while dialing cannot reuse client connection". Reconnecting...
W200612 00:33:44.860099 1497 vendor/google.golang.org/grpc/clientconn.go:1206  grpc: addrConn.createTransport failed to connect to {localhost:26258 0  <nil>}. Err :connection error: desc = "transport: Error while dialing cannot reuse client connection". Reconnecting...
W200612 00:33:44.861328 1525 vendor/google.golang.org/grpc/clientconn.go:1206  grpc: addrConn.createTransport failed to connect to {localhost:26259 0  <nil>}. Err :connection error: desc = "transport: Error while dialing dial tcp [::1]:26259: connect: connection refused". Reconnecting...
W200612 00:33:45.861828 1525 vendor/google.golang.org/grpc/clientconn.go:1206  grpc: addrConn.createTransport failed to connect to {localhost:26259 0  <nil>}. Err :connection error: desc = "transport: Error while dialing cannot reuse client connection". Reconnecting...
W200612 00:33:45.863760 1328 vendor/google.golang.org/grpc/clientconn.go:1206  grpc: addrConn.createTransport failed to connect to {localhost:26258 0  <nil>}. Err :connection error: desc = "transport: Error while dialing dial tcp [::1]:26258: connect: connection refused". Reconnecting...
W200612 00:33:46.864163 1328 vendor/google.golang.org/grpc/clientconn.go:1206  grpc: addrConn.createTransport failed to connect to {localhost:26258 0  <nil>}. Err :connection error: desc = "transport: Error while dialing cannot reuse client connection". Reconnecting...
W200612 00:33:46.865266 1562 vendor/google.golang.org/grpc/clientconn.go:1206  grpc: addrConn.createTransport failed to connect to {localhost:26259 0  <nil>}. Err :connection error: desc = "transport: Error while dialing dial tcp [::1]:26259: connect: connection refused". Reconnecting...
W200612 00:33:47.865663 1562 vendor/google.golang.org/grpc/clientconn.go:1206  grpc: addrConn.createTransport failed to connect to {localhost:26259 0  <nil>}. Err :connection error: desc = "transport: Error while dialing cannot reuse client connection". Reconnecting...
W200612 00:33:47.866562 1588 vendor/google.golang.org/grpc/clientconn.go:1206  grpc: addrConn.createTransport failed to connect to {localhost:26258 0  <nil>}. Err :connection error: desc = "transport: Error while dialing dial tcp [::1]:26258: connect: connection refused". Reconnecting...
W200612 00:33:48.866935 1588 vendor/google.golang.org/grpc/clientconn.go:1206  grpc: addrConn.createTransport failed to connect to {localhost:26258 0  <nil>}. Err :connection error: desc = "transport: Error while dialing cannot reuse client connection". Reconnecting...
W200612 00:33:48.868194 1593 vendor/google.golang.org/grpc/clientconn.go:1206  grpc: addrConn.createTransport failed to connect to {localhost:26259 0  <nil>}. Err :connection error: desc = "transport: Error while dialing dial tcp [::1]:26259: connect: connection refused". Reconnecting...
I200612 00:33:49.666997 1 cli/start.go:861  received signal 'interrupt'
I200612 00:33:49.670264 1 cli/start.go:930  initiating graceful shutdown of server
I200612 00:33:49.673996 1 cli/start.go:977  too early to drain; used hard shutdown instead
E200612 00:33:49.677299 1 cli/error.go:233  interrupted
