I200612 00:31:59.667230 39 util/log/clog.go:1203  [config] file created at: 2020/06/12 00:31:59
I200612 00:31:59.667230 39 util/log/clog.go:1203  [config] running on machine: filipovna
I200612 00:31:59.667230 39 util/log/clog.go:1203  [config] binary: CockroachDB CCL v19.2.6 (x86_64-unknown-linux-gnu, built 2020/04/06 18:05:31, go1.12.12)
I200612 00:31:59.667230 39 util/log/clog.go:1203  [config] arguments: [cockroach start --certs-dir=certs --store=node1 --listen-addr=localhost:26257 --http-addr=localhost:8080 --join=localhost:26257,localhost:26258,localhost:26259]
I200612 00:31:59.667230 39 util/log/clog.go:1203  line format: [IWEF]yymmdd hh:mm:ss.uuuuuu goid file:line msg utf8=✓
I200612 00:31:59.667230 39 storage/engine/rocksdb.go:120  RocksDB version: 6.2.1
I200612 00:31:59.667449 39 storage/engine/rocksdb.go:120  Git sha rocksdb_build_git_sha:@b7009236531fa784872f4823eabf393501e41bf2@
I200612 00:31:59.667454 39 storage/engine/rocksdb.go:120  Compile date Apr  6 2020
I200612 00:31:59.667460 39 storage/engine/rocksdb.go:120  DB SUMMARY
I200612 00:31:59.667493 39 storage/engine/rocksdb.go:120  SST files in /home/vale/Projects/sofos/cockroach/node1/cockroach-temp183397404 dir, Total Num: 0, files: 
I200612 00:31:59.667499 39 storage/engine/rocksdb.go:120  Write Ahead Log file in /home/vale/Projects/sofos/cockroach/node1/cockroach-temp183397404: 
I200612 00:31:59.667504 39 storage/engine/rocksdb.go:120                          Options.error_if_exists: 0
I200612 00:31:59.667509 39 storage/engine/rocksdb.go:120                        Options.create_if_missing: 1
I200612 00:31:59.667674 39 storage/engine/rocksdb.go:120                          Options.paranoid_checks: 1
I200612 00:31:59.667679 39 storage/engine/rocksdb.go:120                                      Options.env: 0x7582480
I200612 00:31:59.667684 39 storage/engine/rocksdb.go:120                                 Options.info_log: 0x7fc63b019140
I200612 00:31:59.667689 39 storage/engine/rocksdb.go:120                 Options.max_file_opening_threads: 16
I200612 00:31:59.667694 39 storage/engine/rocksdb.go:120                               Options.statistics: 0x7fc63b029010
I200612 00:31:59.667698 39 storage/engine/rocksdb.go:120                                Options.use_fsync: 0
I200612 00:31:59.667703 39 storage/engine/rocksdb.go:120                        Options.max_log_file_size: 0
I200612 00:31:59.667707 39 storage/engine/rocksdb.go:120                   Options.max_manifest_file_size: 134217728
I200612 00:31:59.667712 39 storage/engine/rocksdb.go:120                    Options.log_file_time_to_roll: 0
I200612 00:31:59.667716 39 storage/engine/rocksdb.go:120                        Options.keep_log_file_num: 1000
I200612 00:31:59.667720 39 storage/engine/rocksdb.go:120                     Options.recycle_log_file_num: 1
I200612 00:31:59.667725 39 storage/engine/rocksdb.go:120                          Options.allow_fallocate: 1
I200612 00:31:59.667729 39 storage/engine/rocksdb.go:120                         Options.allow_mmap_reads: 0
I200612 00:31:59.667734 39 storage/engine/rocksdb.go:120                        Options.allow_mmap_writes: 0
I200612 00:31:59.667738 39 storage/engine/rocksdb.go:120                         Options.use_direct_reads: 0
I200612 00:31:59.667743 39 storage/engine/rocksdb.go:120                         Options.use_direct_io_for_flush_and_compaction: 0
I200612 00:31:59.667748 39 storage/engine/rocksdb.go:120           Options.create_missing_column_families: 0
I200612 00:31:59.667752 39 storage/engine/rocksdb.go:120                               Options.db_log_dir: 
I200612 00:31:59.667757 39 storage/engine/rocksdb.go:120                                  Options.wal_dir: /home/vale/Projects/sofos/cockroach/node1/cockroach-temp183397404
I200612 00:31:59.667761 39 storage/engine/rocksdb.go:120                 Options.table_cache_numshardbits: 6
I200612 00:31:59.667766 39 storage/engine/rocksdb.go:120                       Options.max_subcompactions: 1
I200612 00:31:59.667770 39 storage/engine/rocksdb.go:120                   Options.max_background_flushes: -1
I200612 00:31:59.667775 39 storage/engine/rocksdb.go:120                          Options.WAL_ttl_seconds: 0
I200612 00:31:59.667779 39 storage/engine/rocksdb.go:120                        Options.WAL_size_limit_MB: 0
I200612 00:31:59.667783 39 storage/engine/rocksdb.go:120              Options.manifest_preallocation_size: 4194304
I200612 00:31:59.667788 39 storage/engine/rocksdb.go:120                      Options.is_fd_close_on_exec: 1
I200612 00:31:59.667792 39 storage/engine/rocksdb.go:120                    Options.advise_random_on_open: 1
I200612 00:31:59.667797 39 storage/engine/rocksdb.go:120                     Options.db_write_buffer_size: 0
I200612 00:31:59.667801 39 storage/engine/rocksdb.go:120                     Options.write_buffer_manager: 0x7fc63b091030
I200612 00:31:59.667806 39 storage/engine/rocksdb.go:120          Options.access_hint_on_compaction_start: 1
I200612 00:31:59.667810 39 storage/engine/rocksdb.go:120   Options.new_table_reader_for_compaction_inputs: 0
I200612 00:31:59.667815 39 storage/engine/rocksdb.go:120            Options.random_access_max_buffer_size: 1048576
I200612 00:31:59.667819 39 storage/engine/rocksdb.go:120                       Options.use_adaptive_mutex: 0
I200612 00:31:59.667823 39 storage/engine/rocksdb.go:120                             Options.rate_limiter: (nil)
I200612 00:31:59.667828 39 storage/engine/rocksdb.go:120      Options.sst_file_manager.rate_bytes_per_sec: 0
I200612 00:31:59.667833 39 storage/engine/rocksdb.go:120                        Options.wal_recovery_mode: 0
I200612 00:31:59.667838 39 storage/engine/rocksdb.go:120                   Options.enable_thread_tracking: 0
I200612 00:31:59.667842 39 storage/engine/rocksdb.go:120                   Options.enable_pipelined_write: 0
I200612 00:31:59.667847 39 storage/engine/rocksdb.go:120          Options.allow_concurrent_memtable_write: 1
I200612 00:31:59.667851 39 storage/engine/rocksdb.go:120       Options.enable_write_thread_adaptive_yield: 1
I200612 00:31:59.667856 39 storage/engine/rocksdb.go:120              Options.write_thread_max_yield_usec: 100
I200612 00:31:59.667860 39 storage/engine/rocksdb.go:120             Options.write_thread_slow_yield_usec: 3
I200612 00:31:59.667864 39 storage/engine/rocksdb.go:120                                Options.row_cache: None
I200612 00:31:59.667869 39 storage/engine/rocksdb.go:120                               Options.wal_filter: None
I200612 00:31:59.667874 39 storage/engine/rocksdb.go:120              Options.avoid_flush_during_recovery: 0
I200612 00:31:59.667878 39 storage/engine/rocksdb.go:120              Options.allow_ingest_behind: 0
I200612 00:31:59.667882 39 storage/engine/rocksdb.go:120              Options.preserve_deletes: 0
I200612 00:31:59.667887 39 storage/engine/rocksdb.go:120              Options.two_write_queues: 0
I200612 00:31:59.667891 39 storage/engine/rocksdb.go:120              Options.manual_wal_flush: 1
I200612 00:31:59.667895 39 storage/engine/rocksdb.go:120              Options.atomic_flush: 0
I200612 00:31:59.667900 39 storage/engine/rocksdb.go:120              Options.avoid_unnecessary_blocking_io: 0
I200612 00:31:59.667904 39 storage/engine/rocksdb.go:120              Options.max_background_jobs: 4
I200612 00:31:59.667908 39 storage/engine/rocksdb.go:120              Options.max_background_compactions: -1
I200612 00:31:59.667913 39 storage/engine/rocksdb.go:120              Options.avoid_flush_during_shutdown: 0
I200612 00:31:59.667921 39 storage/engine/rocksdb.go:120            Options.writable_file_max_buffer_size: 1048576
I200612 00:31:59.667925 39 storage/engine/rocksdb.go:120              Options.delayed_write_rate : 16777216
I200612 00:31:59.667930 39 storage/engine/rocksdb.go:120              Options.max_total_wal_size: 0
I200612 00:31:59.667934 39 storage/engine/rocksdb.go:120              Options.delete_obsolete_files_period_micros: 21600000000
I200612 00:31:59.667939 39 storage/engine/rocksdb.go:120                    Options.stats_dump_period_sec: 0
I200612 00:31:59.667943 39 storage/engine/rocksdb.go:120                  Options.stats_persist_period_sec: 600
I200612 00:31:59.667948 39 storage/engine/rocksdb.go:120                  Options.stats_history_buffer_size: 1048576
I200612 00:31:59.667952 39 storage/engine/rocksdb.go:120                           Options.max_open_files: 128
I200612 00:31:59.667956 39 storage/engine/rocksdb.go:120                           Options.bytes_per_sync: 524288
I200612 00:31:59.667961 39 storage/engine/rocksdb.go:120                       Options.wal_bytes_per_sync: 0
I200612 00:31:59.667965 39 storage/engine/rocksdb.go:120                    Options.strict_bytes_per_sync: 1
I200612 00:31:59.667970 39 storage/engine/rocksdb.go:120        Options.compaction_readahead_size: 0
I200612 00:31:59.667974 39 storage/engine/rocksdb.go:120  Compression algorithms supported:
I200612 00:31:59.667979 39 storage/engine/rocksdb.go:120  	kZSTDNotFinalCompression supported: 0
I200612 00:31:59.667984 39 storage/engine/rocksdb.go:120  	kZSTD supported: 0
I200612 00:31:59.667989 39 storage/engine/rocksdb.go:120  	kXpressCompression supported: 0
I200612 00:31:59.667993 39 storage/engine/rocksdb.go:120  	kLZ4HCCompression supported: 0
I200612 00:31:59.667998 39 storage/engine/rocksdb.go:120  	kLZ4Compression supported: 0
I200612 00:31:59.668002 39 storage/engine/rocksdb.go:120  	kBZip2Compression supported: 0
I200612 00:31:59.668007 39 storage/engine/rocksdb.go:120  	kZlibCompression supported: 0
I200612 00:31:59.668011 39 storage/engine/rocksdb.go:120  	kSnappyCompression supported: 1
I200612 00:31:59.668018 39 storage/engine/rocksdb.go:120  Fast CRC32 supported: Supported on x86
I200612 00:31:59.668076 39 storage/engine/rocksdb.go:120  [db/db_impl_open.cc:242] Creating manifest 1 
I200612 00:31:59.683571 39 storage/engine/rocksdb.go:120  [db/version_set.cc:4072] Recovering from manifest file: /home/vale/Projects/sofos/cockroach/node1/cockroach-temp183397404/MANIFEST-000001
I200612 00:31:59.683734 39 storage/engine/rocksdb.go:120  [db/column_family.cc:488] --------------- Options for column family [default]:
I200612 00:31:59.683745 39 storage/engine/rocksdb.go:120                Options.comparator: cockroach_comparator
I200612 00:31:59.683755 39 storage/engine/rocksdb.go:120            Options.merge_operator: cockroach_merge_operator
I200612 00:31:59.683763 39 storage/engine/rocksdb.go:120         Options.compaction_filter: None
I200612 00:31:59.683771 39 storage/engine/rocksdb.go:120         Options.compaction_filter_factory: None
I200612 00:31:59.683779 39 storage/engine/rocksdb.go:120          Options.memtable_factory: SkipListFactory
I200612 00:31:59.683787 39 storage/engine/rocksdb.go:120             Options.table_factory: BlockBasedTable
I200612 00:31:59.683854 39 storage/engine/rocksdb.go:120             table_factory options:   flush_block_policy_factory: FlushBlockBySizePolicyFactory (0x7fc63b01d030)
  cache_index_and_filter_blocks: 0
  cache_index_and_filter_blocks_with_high_priority: 0
  pin_l0_filter_and_index_blocks_in_cache: 0
  pin_top_level_index_and_filter: 1
  index_type: 0
  data_block_index_type: 0
  index_shortening: 1
  data_block_hash_table_util_ratio: 0.750000
  hash_index_allow_collision: 1
  checksum: 1
  no_block_cache: 0
  block_cache: 0x7fc63b00e010
  block_cache_name: LRUCache
  block_cache_options:
    capacity : 1048576
    num_shard_bits : 4
    strict_capacity_limit : 0
    memory_allocator : None
    high_pri_pool_ratio: 0.000
  block_cache_compressed: (nil)
  persistent_cache: (nil)
  block_size: 32768
  block_size_deviation: 10
  block_restart_interval: 16
  index_block_restart_interval: 1
  metadata_block_size: 4096
  partition_filters: 0
  use_delta_encoding: 1
  filter_policy: rocksdb.BuiltinBloomFilter
  whole_key_filtering: 0
  verify_compression: 0
  read_amp_bytes_per_bit: 0
  format_version: 2
  enable_index_compression: 1
  block_align: 0
I200612 00:31:59.683871 39 storage/engine/rocksdb.go:120         Options.write_buffer_size: 67108864
I200612 00:31:59.683883 39 storage/engine/rocksdb.go:120   Options.max_write_buffer_number: 4
I200612 00:31:59.683893 39 storage/engine/rocksdb.go:120           Options.compression: Snappy
I200612 00:31:59.683901 39 storage/engine/rocksdb.go:120                   Options.bottommost_compression: Disabled
I200612 00:31:59.683910 39 storage/engine/rocksdb.go:120        Options.prefix_extractor: cockroach_prefix_extractor
I200612 00:31:59.683919 39 storage/engine/rocksdb.go:120    Options.memtable_insert_with_hint_prefix_extractor: nullptr
I200612 00:31:59.683928 39 storage/engine/rocksdb.go:120              Options.num_levels: 7
I200612 00:31:59.683936 39 storage/engine/rocksdb.go:120         Options.min_write_buffer_number_to_merge: 1
I200612 00:31:59.683945 39 storage/engine/rocksdb.go:120      Options.max_write_buffer_number_to_maintain: 0
I200612 00:31:59.683954 39 storage/engine/rocksdb.go:120             Options.bottommost_compression_opts.window_bits: -14
I200612 00:31:59.683962 39 storage/engine/rocksdb.go:120                   Options.bottommost_compression_opts.level: 32767
I200612 00:31:59.683971 39 storage/engine/rocksdb.go:120                Options.bottommost_compression_opts.strategy: 0
I200612 00:31:59.683980 39 storage/engine/rocksdb.go:120          Options.bottommost_compression_opts.max_dict_bytes: 0
I200612 00:31:59.683988 39 storage/engine/rocksdb.go:120          Options.bottommost_compression_opts.zstd_max_train_bytes: 0
I200612 00:31:59.683997 39 storage/engine/rocksdb.go:120                   Options.bottommost_compression_opts.enabled: false
I200612 00:31:59.684006 39 storage/engine/rocksdb.go:120             Options.compression_opts.window_bits: -14
I200612 00:31:59.684014 39 storage/engine/rocksdb.go:120                   Options.compression_opts.level: 32767
I200612 00:31:59.684023 39 storage/engine/rocksdb.go:120                Options.compression_opts.strategy: 0
I200612 00:31:59.684031 39 storage/engine/rocksdb.go:120          Options.compression_opts.max_dict_bytes: 0
I200612 00:31:59.684039 39 storage/engine/rocksdb.go:120          Options.compression_opts.zstd_max_train_bytes: 0
I200612 00:31:59.684048 39 storage/engine/rocksdb.go:120                   Options.compression_opts.enabled: false
I200612 00:31:59.684056 39 storage/engine/rocksdb.go:120       Options.level0_file_num_compaction_trigger: 2
I200612 00:31:59.684065 39 storage/engine/rocksdb.go:120           Options.level0_slowdown_writes_trigger: 950
I200612 00:31:59.684074 39 storage/engine/rocksdb.go:120               Options.level0_stop_writes_trigger: 1000
I200612 00:31:59.684082 39 storage/engine/rocksdb.go:120                    Options.target_file_size_base: 4194304
I200612 00:31:59.684091 39 storage/engine/rocksdb.go:120              Options.target_file_size_multiplier: 2
I200612 00:31:59.684099 39 storage/engine/rocksdb.go:120                 Options.max_bytes_for_level_base: 67108864
I200612 00:31:59.684108 39 storage/engine/rocksdb.go:120  Options.level_compaction_dynamic_level_bytes: 1
I200612 00:31:59.684119 39 storage/engine/rocksdb.go:120           Options.max_bytes_for_level_multiplier: 10.000000
I200612 00:31:59.684127 39 storage/engine/rocksdb.go:120  Options.max_bytes_for_level_multiplier_addtl[0]: 1
I200612 00:31:59.684136 39 storage/engine/rocksdb.go:120  Options.max_bytes_for_level_multiplier_addtl[1]: 1
I200612 00:31:59.684145 39 storage/engine/rocksdb.go:120  Options.max_bytes_for_level_multiplier_addtl[2]: 1
I200612 00:31:59.684153 39 storage/engine/rocksdb.go:120  Options.max_bytes_for_level_multiplier_addtl[3]: 1
I200612 00:31:59.684162 39 storage/engine/rocksdb.go:120  Options.max_bytes_for_level_multiplier_addtl[4]: 1
I200612 00:31:59.684170 39 storage/engine/rocksdb.go:120  Options.max_bytes_for_level_multiplier_addtl[5]: 1
I200612 00:31:59.684179 39 storage/engine/rocksdb.go:120  Options.max_bytes_for_level_multiplier_addtl[6]: 1
I200612 00:31:59.684188 39 storage/engine/rocksdb.go:120        Options.max_sequential_skip_in_iterations: 8
I200612 00:31:59.684199 39 storage/engine/rocksdb.go:120                     Options.max_compaction_bytes: 104857600
I200612 00:31:59.684208 39 storage/engine/rocksdb.go:120                         Options.arena_block_size: 8388608
I200612 00:31:59.684217 39 storage/engine/rocksdb.go:120    Options.soft_pending_compaction_bytes_limit: 2199023255552
I200612 00:31:59.684225 39 storage/engine/rocksdb.go:120    Options.hard_pending_compaction_bytes_limit: 4400193994752
I200612 00:31:59.684234 39 storage/engine/rocksdb.go:120        Options.rate_limit_delay_max_milliseconds: 100
I200612 00:31:59.684242 39 storage/engine/rocksdb.go:120                 Options.disable_auto_compactions: 0
I200612 00:31:59.684252 39 storage/engine/rocksdb.go:120                         Options.compaction_style: kCompactionStyleLevel
I200612 00:31:59.684261 39 storage/engine/rocksdb.go:120                           Options.compaction_pri: kMinOverlappingRatio
I200612 00:31:59.684270 39 storage/engine/rocksdb.go:120  Options.compaction_options_universal.size_ratio: 1
I200612 00:31:59.684278 39 storage/engine/rocksdb.go:120  Options.compaction_options_universal.min_merge_width: 2
I200612 00:31:59.684287 39 storage/engine/rocksdb.go:120  Options.compaction_options_universal.max_merge_width: 4294967295
I200612 00:31:59.684295 39 storage/engine/rocksdb.go:120  Options.compaction_options_universal.max_size_amplification_percent: 200
I200612 00:31:59.684304 39 storage/engine/rocksdb.go:120  Options.compaction_options_universal.compression_size_percent: -1
I200612 00:31:59.684313 39 storage/engine/rocksdb.go:120  Options.compaction_options_universal.stop_style: kCompactionStopStyleTotalSize
I200612 00:31:59.684322 39 storage/engine/rocksdb.go:120  Options.compaction_options_fifo.max_table_files_size: 1073741824
I200612 00:31:59.684330 39 storage/engine/rocksdb.go:120  Options.compaction_options_fifo.allow_compaction: 0
I200612 00:31:59.684343 39 storage/engine/rocksdb.go:120                    Options.table_properties_collectors: TimeBoundTblPropCollectorFactory; DeleteRangeTblPropCollectorFactory; 
I200612 00:31:59.684354 39 storage/engine/rocksdb.go:120                    Options.inplace_update_support: 0
I200612 00:31:59.684362 39 storage/engine/rocksdb.go:120                  Options.inplace_update_num_locks: 10000
I200612 00:31:59.684371 39 storage/engine/rocksdb.go:120                Options.memtable_prefix_bloom_size_ratio: 0.000000
I200612 00:31:59.684380 39 storage/engine/rocksdb.go:120                Options.memtable_whole_key_filtering: 0
I200612 00:31:59.684389 39 storage/engine/rocksdb.go:120    Options.memtable_huge_page_size: 0
I200612 00:31:59.684398 39 storage/engine/rocksdb.go:120                            Options.bloom_locality: 0
I200612 00:31:59.684406 39 storage/engine/rocksdb.go:120                     Options.max_successive_merges: 0
I200612 00:31:59.684415 39 storage/engine/rocksdb.go:120                 Options.optimize_filters_for_hits: 1
I200612 00:31:59.684423 39 storage/engine/rocksdb.go:120                 Options.paranoid_file_checks: 0
I200612 00:31:59.684432 39 storage/engine/rocksdb.go:120                 Options.force_consistency_checks: 0
I200612 00:31:59.684441 39 storage/engine/rocksdb.go:120                 Options.report_bg_io_stats: 0
I200612 00:31:59.684449 39 storage/engine/rocksdb.go:120                                Options.ttl: 0
I200612 00:31:59.684458 39 storage/engine/rocksdb.go:120           Options.periodic_compaction_seconds: 0
I200612 00:31:59.685308 39 storage/engine/rocksdb.go:120  [db/version_set.cc:4286] Recovered from manifest file:/home/vale/Projects/sofos/cockroach/node1/cockroach-temp183397404/MANIFEST-000001 succeeded,manifest_file_number is 1, next_file_number is 3, last_sequence is 0, log_number is 0,prev_log_number is 0,max_column_family is 0,min_log_number_to_keep is 0
I200612 00:31:59.685321 39 storage/engine/rocksdb.go:120  [db/version_set.cc:4295] Column family [default] (ID 0), log number is 0
I200612 00:31:59.697103 39 storage/engine/rocksdb.go:120  DB pointer 0x7fc63b09e000
I200612 00:31:59.721592 39 storage/engine/rocksdb.go:120  RocksDB version: 6.2.1
I200612 00:31:59.721613 39 storage/engine/rocksdb.go:120  Git sha rocksdb_build_git_sha:@b7009236531fa784872f4823eabf393501e41bf2@
I200612 00:31:59.721627 39 storage/engine/rocksdb.go:120  Compile date Apr  6 2020
I200612 00:31:59.721642 39 storage/engine/rocksdb.go:120  DB SUMMARY
I200612 00:31:59.721757 39 storage/engine/rocksdb.go:120  CURRENT file:  CURRENT
I200612 00:31:59.721772 39 storage/engine/rocksdb.go:120  IDENTITY file:  IDENTITY
I200612 00:31:59.721794 39 storage/engine/rocksdb.go:120  MANIFEST file:  MANIFEST-000005 size: 53 Bytes
I200612 00:31:59.721811 39 storage/engine/rocksdb.go:120  SST files in /home/vale/Projects/sofos/cockroach/node1 dir, Total Num: 0, files: 
I200612 00:31:59.721826 39 storage/engine/rocksdb.go:120  Write Ahead Log file in /home/vale/Projects/sofos/cockroach/node1: 000006.log size: 30550 ; 
I200612 00:31:59.721841 39 storage/engine/rocksdb.go:120                          Options.error_if_exists: 0
I200612 00:31:59.721854 39 storage/engine/rocksdb.go:120                        Options.create_if_missing: 1
I200612 00:31:59.721868 39 storage/engine/rocksdb.go:120                          Options.paranoid_checks: 1
I200612 00:31:59.721881 39 storage/engine/rocksdb.go:120                                      Options.env: 0x7582480
I200612 00:31:59.721895 39 storage/engine/rocksdb.go:120                                 Options.info_log: 0x7fc63b0192c0
I200612 00:31:59.721908 39 storage/engine/rocksdb.go:120                 Options.max_file_opening_threads: 16
I200612 00:31:59.721922 39 storage/engine/rocksdb.go:120                               Options.statistics: 0x7fc63b029080
I200612 00:31:59.721935 39 storage/engine/rocksdb.go:120                                Options.use_fsync: 0
I200612 00:31:59.721948 39 storage/engine/rocksdb.go:120                        Options.max_log_file_size: 0
I200612 00:31:59.721962 39 storage/engine/rocksdb.go:120                   Options.max_manifest_file_size: 134217728
I200612 00:31:59.721975 39 storage/engine/rocksdb.go:120                    Options.log_file_time_to_roll: 0
I200612 00:31:59.721988 39 storage/engine/rocksdb.go:120                        Options.keep_log_file_num: 1000
I200612 00:31:59.722002 39 storage/engine/rocksdb.go:120                     Options.recycle_log_file_num: 1
I200612 00:31:59.722015 39 storage/engine/rocksdb.go:120                          Options.allow_fallocate: 1
I200612 00:31:59.722028 39 storage/engine/rocksdb.go:120                         Options.allow_mmap_reads: 0
I200612 00:31:59.722042 39 storage/engine/rocksdb.go:120                        Options.allow_mmap_writes: 0
I200612 00:31:59.722055 39 storage/engine/rocksdb.go:120                         Options.use_direct_reads: 0
I200612 00:31:59.722068 39 storage/engine/rocksdb.go:120                         Options.use_direct_io_for_flush_and_compaction: 0
I200612 00:31:59.722081 39 storage/engine/rocksdb.go:120           Options.create_missing_column_families: 0
I200612 00:31:59.722094 39 storage/engine/rocksdb.go:120                               Options.db_log_dir: 
I200612 00:31:59.722107 39 storage/engine/rocksdb.go:120                                  Options.wal_dir: /home/vale/Projects/sofos/cockroach/node1
I200612 00:31:59.722121 39 storage/engine/rocksdb.go:120                 Options.table_cache_numshardbits: 6
I200612 00:31:59.722134 39 storage/engine/rocksdb.go:120                       Options.max_subcompactions: 1
I200612 00:31:59.722147 39 storage/engine/rocksdb.go:120                   Options.max_background_flushes: -1
I200612 00:31:59.722161 39 storage/engine/rocksdb.go:120                          Options.WAL_ttl_seconds: 0
I200612 00:31:59.722173 39 storage/engine/rocksdb.go:120                        Options.WAL_size_limit_MB: 0
I200612 00:31:59.722187 39 storage/engine/rocksdb.go:120              Options.manifest_preallocation_size: 4194304
I200612 00:31:59.722202 39 storage/engine/rocksdb.go:120                      Options.is_fd_close_on_exec: 1
I200612 00:31:59.722215 39 storage/engine/rocksdb.go:120                    Options.advise_random_on_open: 1
I200612 00:31:59.722229 39 storage/engine/rocksdb.go:120                     Options.db_write_buffer_size: 0
I200612 00:31:59.722243 39 storage/engine/rocksdb.go:120                     Options.write_buffer_manager: 0x7fc63b091780
I200612 00:31:59.722256 39 storage/engine/rocksdb.go:120          Options.access_hint_on_compaction_start: 1
I200612 00:31:59.722269 39 storage/engine/rocksdb.go:120   Options.new_table_reader_for_compaction_inputs: 0
I200612 00:31:59.722283 39 storage/engine/rocksdb.go:120            Options.random_access_max_buffer_size: 1048576
I200612 00:31:59.722296 39 storage/engine/rocksdb.go:120                       Options.use_adaptive_mutex: 0
I200612 00:31:59.722310 39 storage/engine/rocksdb.go:120                             Options.rate_limiter: (nil)
I200612 00:31:59.722325 39 storage/engine/rocksdb.go:120      Options.sst_file_manager.rate_bytes_per_sec: 0
I200612 00:31:59.722338 39 storage/engine/rocksdb.go:120                        Options.wal_recovery_mode: 0
I200612 00:31:59.722352 39 storage/engine/rocksdb.go:120                   Options.enable_thread_tracking: 0
I200612 00:31:59.722365 39 storage/engine/rocksdb.go:120                   Options.enable_pipelined_write: 0
I200612 00:31:59.722378 39 storage/engine/rocksdb.go:120          Options.allow_concurrent_memtable_write: 1
I200612 00:31:59.722391 39 storage/engine/rocksdb.go:120       Options.enable_write_thread_adaptive_yield: 1
I200612 00:31:59.722404 39 storage/engine/rocksdb.go:120              Options.write_thread_max_yield_usec: 100
I200612 00:31:59.722417 39 storage/engine/rocksdb.go:120             Options.write_thread_slow_yield_usec: 3
I200612 00:31:59.722430 39 storage/engine/rocksdb.go:120                                Options.row_cache: None
I200612 00:31:59.722444 39 storage/engine/rocksdb.go:120                               Options.wal_filter: None
I200612 00:31:59.722457 39 storage/engine/rocksdb.go:120              Options.avoid_flush_during_recovery: 0
I200612 00:31:59.722471 39 storage/engine/rocksdb.go:120              Options.allow_ingest_behind: 0
I200612 00:31:59.722484 39 storage/engine/rocksdb.go:120              Options.preserve_deletes: 0
I200612 00:31:59.722497 39 storage/engine/rocksdb.go:120              Options.two_write_queues: 0
I200612 00:31:59.722510 39 storage/engine/rocksdb.go:120              Options.manual_wal_flush: 1
I200612 00:31:59.722524 39 storage/engine/rocksdb.go:120              Options.atomic_flush: 0
I200612 00:31:59.722537 39 storage/engine/rocksdb.go:120              Options.avoid_unnecessary_blocking_io: 0
I200612 00:31:59.722551 39 storage/engine/rocksdb.go:120              Options.max_background_jobs: 4
I200612 00:31:59.722564 39 storage/engine/rocksdb.go:120              Options.max_background_compactions: -1
I200612 00:31:59.722577 39 storage/engine/rocksdb.go:120              Options.avoid_flush_during_shutdown: 0
I200612 00:31:59.722590 39 storage/engine/rocksdb.go:120            Options.writable_file_max_buffer_size: 1048576
I200612 00:31:59.722603 39 storage/engine/rocksdb.go:120              Options.delayed_write_rate : 16777216
I200612 00:31:59.722617 39 storage/engine/rocksdb.go:120              Options.max_total_wal_size: 0
I200612 00:31:59.722630 39 storage/engine/rocksdb.go:120              Options.delete_obsolete_files_period_micros: 21600000000
I200612 00:31:59.722643 39 storage/engine/rocksdb.go:120                    Options.stats_dump_period_sec: 0
I200612 00:31:59.722657 39 storage/engine/rocksdb.go:120                  Options.stats_persist_period_sec: 600
I200612 00:31:59.722670 39 storage/engine/rocksdb.go:120                  Options.stats_history_buffer_size: 1048576
I200612 00:31:59.722683 39 storage/engine/rocksdb.go:120                           Options.max_open_files: 10000
I200612 00:31:59.722696 39 storage/engine/rocksdb.go:120                           Options.bytes_per_sync: 524288
I200612 00:31:59.722709 39 storage/engine/rocksdb.go:120                       Options.wal_bytes_per_sync: 0
I200612 00:31:59.722723 39 storage/engine/rocksdb.go:120                    Options.strict_bytes_per_sync: 1
I200612 00:31:59.722736 39 storage/engine/rocksdb.go:120        Options.compaction_readahead_size: 0
I200612 00:31:59.722749 39 storage/engine/rocksdb.go:120  Compression algorithms supported:
I200612 00:31:59.722763 39 storage/engine/rocksdb.go:120  	kZSTDNotFinalCompression supported: 0
I200612 00:31:59.722776 39 storage/engine/rocksdb.go:120  	kZSTD supported: 0
I200612 00:31:59.722790 39 storage/engine/rocksdb.go:120  	kXpressCompression supported: 0
I200612 00:31:59.722803 39 storage/engine/rocksdb.go:120  	kLZ4HCCompression supported: 0
I200612 00:31:59.722817 39 storage/engine/rocksdb.go:120  	kLZ4Compression supported: 0
I200612 00:31:59.722830 39 storage/engine/rocksdb.go:120  	kBZip2Compression supported: 0
I200612 00:31:59.722843 39 storage/engine/rocksdb.go:120  	kZlibCompression supported: 0
I200612 00:31:59.722857 39 storage/engine/rocksdb.go:120  	kSnappyCompression supported: 1
I200612 00:31:59.722873 39 storage/engine/rocksdb.go:120  Fast CRC32 supported: Supported on x86
I200612 00:31:59.723232 39 storage/engine/rocksdb.go:120  [db/version_set.cc:4072] Recovering from manifest file: /home/vale/Projects/sofos/cockroach/node1/MANIFEST-000005
I200612 00:31:59.723410 39 storage/engine/rocksdb.go:120  [db/column_family.cc:488] --------------- Options for column family [default]:
I200612 00:31:59.723425 39 storage/engine/rocksdb.go:120                Options.comparator: cockroach_comparator
I200612 00:31:59.723439 39 storage/engine/rocksdb.go:120            Options.merge_operator: cockroach_merge_operator
I200612 00:31:59.723453 39 storage/engine/rocksdb.go:120         Options.compaction_filter: None
I200612 00:31:59.723466 39 storage/engine/rocksdb.go:120         Options.compaction_filter_factory: None
I200612 00:31:59.723479 39 storage/engine/rocksdb.go:120          Options.memtable_factory: SkipListFactory
I200612 00:31:59.723492 39 storage/engine/rocksdb.go:120             Options.table_factory: BlockBasedTable
I200612 00:31:59.723564 39 storage/engine/rocksdb.go:120             table_factory options:   flush_block_policy_factory: FlushBlockBySizePolicyFactory (0x7fc63b01d090)
  cache_index_and_filter_blocks: 0
  cache_index_and_filter_blocks_with_high_priority: 0
  pin_l0_filter_and_index_blocks_in_cache: 0
  pin_top_level_index_and_filter: 1
  index_type: 0
  data_block_index_type: 0
  index_shortening: 1
  data_block_hash_table_util_ratio: 0.750000
  hash_index_allow_collision: 1
  checksum: 1
  no_block_cache: 0
  block_cache: 0x7fc63b0b7210
  block_cache_name: LRUCache
  block_cache_options:
    capacity : 67108864
    num_shard_bits : 4
    strict_capacity_limit : 0
    memory_allocator : None
    high_pri_pool_ratio: 0.000
  block_cache_compressed: (nil)
  persistent_cache: (nil)
  block_size: 32768
  block_size_deviation: 10
  block_restart_interval: 16
  index_block_restart_interval: 1
  metadata_block_size: 4096
  partition_filters: 0
  use_delta_encoding: 1
  filter_policy: rocksdb.BuiltinBloomFilter
  whole_key_filtering: 0
  verify_compression: 0
  read_amp_bytes_per_bit: 0
  format_version: 2
  enable_index_compression: 1
  block_align: 0
I200612 00:31:59.723582 39 storage/engine/rocksdb.go:120         Options.write_buffer_size: 67108864
I200612 00:31:59.723597 39 storage/engine/rocksdb.go:120   Options.max_write_buffer_number: 4
I200612 00:31:59.723611 39 storage/engine/rocksdb.go:120           Options.compression: Snappy
I200612 00:31:59.723624 39 storage/engine/rocksdb.go:120                   Options.bottommost_compression: Disabled
I200612 00:31:59.723642 39 storage/engine/rocksdb.go:120        Options.prefix_extractor: cockroach_prefix_extractor
I200612 00:31:59.723656 39 storage/engine/rocksdb.go:120    Options.memtable_insert_with_hint_prefix_extractor: nullptr
I200612 00:31:59.723670 39 storage/engine/rocksdb.go:120              Options.num_levels: 7
I200612 00:31:59.723683 39 storage/engine/rocksdb.go:120         Options.min_write_buffer_number_to_merge: 1
I200612 00:31:59.723696 39 storage/engine/rocksdb.go:120      Options.max_write_buffer_number_to_maintain: 0
I200612 00:31:59.723710 39 storage/engine/rocksdb.go:120             Options.bottommost_compression_opts.window_bits: -14
I200612 00:31:59.723723 39 storage/engine/rocksdb.go:120                   Options.bottommost_compression_opts.level: 32767
I200612 00:31:59.723736 39 storage/engine/rocksdb.go:120                Options.bottommost_compression_opts.strategy: 0
I200612 00:31:59.723750 39 storage/engine/rocksdb.go:120          Options.bottommost_compression_opts.max_dict_bytes: 0
I200612 00:31:59.723763 39 storage/engine/rocksdb.go:120          Options.bottommost_compression_opts.zstd_max_train_bytes: 0
I200612 00:31:59.723776 39 storage/engine/rocksdb.go:120                   Options.bottommost_compression_opts.enabled: false
I200612 00:31:59.723789 39 storage/engine/rocksdb.go:120             Options.compression_opts.window_bits: -14
I200612 00:31:59.723802 39 storage/engine/rocksdb.go:120                   Options.compression_opts.level: 32767
I200612 00:31:59.723815 39 storage/engine/rocksdb.go:120                Options.compression_opts.strategy: 0
I200612 00:31:59.723828 39 storage/engine/rocksdb.go:120          Options.compression_opts.max_dict_bytes: 0
I200612 00:31:59.723842 39 storage/engine/rocksdb.go:120          Options.compression_opts.zstd_max_train_bytes: 0
I200612 00:31:59.723855 39 storage/engine/rocksdb.go:120                   Options.compression_opts.enabled: false
I200612 00:31:59.723868 39 storage/engine/rocksdb.go:120       Options.level0_file_num_compaction_trigger: 2
I200612 00:31:59.723881 39 storage/engine/rocksdb.go:120           Options.level0_slowdown_writes_trigger: 950
I200612 00:31:59.723894 39 storage/engine/rocksdb.go:120               Options.level0_stop_writes_trigger: 1000
I200612 00:31:59.723907 39 storage/engine/rocksdb.go:120                    Options.target_file_size_base: 4194304
I200612 00:31:59.723920 39 storage/engine/rocksdb.go:120              Options.target_file_size_multiplier: 2
I200612 00:31:59.723933 39 storage/engine/rocksdb.go:120                 Options.max_bytes_for_level_base: 67108864
I200612 00:31:59.723946 39 storage/engine/rocksdb.go:120  Options.level_compaction_dynamic_level_bytes: 1
I200612 00:31:59.723962 39 storage/engine/rocksdb.go:120           Options.max_bytes_for_level_multiplier: 10.000000
I200612 00:31:59.723975 39 storage/engine/rocksdb.go:120  Options.max_bytes_for_level_multiplier_addtl[0]: 1
I200612 00:31:59.723988 39 storage/engine/rocksdb.go:120  Options.max_bytes_for_level_multiplier_addtl[1]: 1
I200612 00:31:59.724001 39 storage/engine/rocksdb.go:120  Options.max_bytes_for_level_multiplier_addtl[2]: 1
I200612 00:31:59.724014 39 storage/engine/rocksdb.go:120  Options.max_bytes_for_level_multiplier_addtl[3]: 1
I200612 00:31:59.724027 39 storage/engine/rocksdb.go:120  Options.max_bytes_for_level_multiplier_addtl[4]: 1
I200612 00:31:59.724040 39 storage/engine/rocksdb.go:120  Options.max_bytes_for_level_multiplier_addtl[5]: 1
I200612 00:31:59.724054 39 storage/engine/rocksdb.go:120  Options.max_bytes_for_level_multiplier_addtl[6]: 1
I200612 00:31:59.724067 39 storage/engine/rocksdb.go:120        Options.max_sequential_skip_in_iterations: 8
I200612 00:31:59.724080 39 storage/engine/rocksdb.go:120                     Options.max_compaction_bytes: 104857600
I200612 00:31:59.724093 39 storage/engine/rocksdb.go:120                         Options.arena_block_size: 8388608
I200612 00:31:59.724106 39 storage/engine/rocksdb.go:120    Options.soft_pending_compaction_bytes_limit: 2199023255552
I200612 00:31:59.724119 39 storage/engine/rocksdb.go:120    Options.hard_pending_compaction_bytes_limit: 4400193994752
I200612 00:31:59.724132 39 storage/engine/rocksdb.go:120        Options.rate_limit_delay_max_milliseconds: 100
I200612 00:31:59.724145 39 storage/engine/rocksdb.go:120                 Options.disable_auto_compactions: 0
I200612 00:31:59.724160 39 storage/engine/rocksdb.go:120                         Options.compaction_style: kCompactionStyleLevel
I200612 00:31:59.724174 39 storage/engine/rocksdb.go:120                           Options.compaction_pri: kMinOverlappingRatio
I200612 00:31:59.724187 39 storage/engine/rocksdb.go:120  Options.compaction_options_universal.size_ratio: 1
I200612 00:31:59.724200 39 storage/engine/rocksdb.go:120  Options.compaction_options_universal.min_merge_width: 2
I200612 00:31:59.724213 39 storage/engine/rocksdb.go:120  Options.compaction_options_universal.max_merge_width: 4294967295
I200612 00:31:59.724226 39 storage/engine/rocksdb.go:120  Options.compaction_options_universal.max_size_amplification_percent: 200
I200612 00:31:59.724239 39 storage/engine/rocksdb.go:120  Options.compaction_options_universal.compression_size_percent: -1
I200612 00:31:59.724256 39 storage/engine/rocksdb.go:120  Options.compaction_options_universal.stop_style: kCompactionStopStyleTotalSize
I200612 00:31:59.724271 39 storage/engine/rocksdb.go:120  Options.compaction_options_fifo.max_table_files_size: 1073741824
I200612 00:31:59.724284 39 storage/engine/rocksdb.go:120  Options.compaction_options_fifo.allow_compaction: 0
I200612 00:31:59.724301 39 storage/engine/rocksdb.go:120                    Options.table_properties_collectors: TimeBoundTblPropCollectorFactory; DeleteRangeTblPropCollectorFactory; 
I200612 00:31:59.724315 39 storage/engine/rocksdb.go:120                    Options.inplace_update_support: 0
I200612 00:31:59.724329 39 storage/engine/rocksdb.go:120                  Options.inplace_update_num_locks: 10000
I200612 00:31:59.724343 39 storage/engine/rocksdb.go:120                Options.memtable_prefix_bloom_size_ratio: 0.000000
I200612 00:31:59.724357 39 storage/engine/rocksdb.go:120                Options.memtable_whole_key_filtering: 0
I200612 00:31:59.724370 39 storage/engine/rocksdb.go:120    Options.memtable_huge_page_size: 0
I200612 00:31:59.724383 39 storage/engine/rocksdb.go:120                            Options.bloom_locality: 0
I200612 00:31:59.724396 39 storage/engine/rocksdb.go:120                     Options.max_successive_merges: 0
I200612 00:31:59.724409 39 storage/engine/rocksdb.go:120                 Options.optimize_filters_for_hits: 1
I200612 00:31:59.724422 39 storage/engine/rocksdb.go:120                 Options.paranoid_file_checks: 0
I200612 00:31:59.724435 39 storage/engine/rocksdb.go:120                 Options.force_consistency_checks: 0
I200612 00:31:59.724448 39 storage/engine/rocksdb.go:120                 Options.report_bg_io_stats: 0
I200612 00:31:59.724461 39 storage/engine/rocksdb.go:120                                Options.ttl: 0
I200612 00:31:59.724474 39 storage/engine/rocksdb.go:120           Options.periodic_compaction_seconds: 0
I200612 00:31:59.725484 39 storage/engine/rocksdb.go:120  [db/version_set.cc:4286] Recovered from manifest file:/home/vale/Projects/sofos/cockroach/node1/MANIFEST-000005 succeeded,manifest_file_number is 5, next_file_number is 7, last_sequence is 0, log_number is 4,prev_log_number is 0,max_column_family is 0,min_log_number_to_keep is 0
I200612 00:31:59.725498 39 storage/engine/rocksdb.go:120  [db/version_set.cc:4295] Column family [default] (ID 0), log number is 4
I200612 00:31:59.725615 39 storage/engine/rocksdb.go:120  EVENT_LOG_v1 {"time_micros": 1591921919725590, "job": 1, "event": "recovery_started", "log_files": [6]}
I200612 00:31:59.725632 39 storage/engine/rocksdb.go:120  [db/db_impl_open.cc:598] Recovering log #6 mode 0
I200612 00:31:59.726277 39 storage/engine/rocksdb.go:120  [db/version_set.cc:3560] Creating manifest 8
I200612 00:31:59.732824 39 storage/engine/rocksdb.go:120  EVENT_LOG_v1 {"time_micros": 1591921919732786, "job": 1, "event": "recovery_finished"}
I200612 00:31:59.741917 39 storage/engine/rocksdb.go:120  DB pointer 0x7fc63b0a0800
